{"C:\\Users\\ACER\\Portofolio-app\\backend\\App.js": {"path":"C:\\Users\\ACER\\Portofolio-app\\backend\\App.js","statementMap":{"0":{"start":{"line":2,"column":0},"end":{"line":2,"column":16}},"1":{"start":{"line":19,"column":12},"end":{"line":19,"column":21}},"2":{"start":{"line":21,"column":0},"end":{"line":21,"column":16}},"3":{"start":{"line":22,"column":0},"end":{"line":22,"column":24}},"4":{"start":{"line":25,"column":0},"end":{"line":25,"column":29}},"5":{"start":{"line":26,"column":0},"end":{"line":26,"column":30}},"6":{"start":{"line":27,"column":0},"end":{"line":27,"column":35}},"7":{"start":{"line":28,"column":0},"end":{"line":28,"column":45}},"8":{"start":{"line":29,"column":0},"end":{"line":29,"column":33}},"9":{"start":{"line":30,"column":0},"end":{"line":30,"column":36}},"10":{"start":{"line":33,"column":0},"end":{"line":33,"column":47}},"11":{"start":{"line":36,"column":0},"end":{"line":38,"column":3}},"12":{"start":{"line":37,"column":2},"end":{"line":37,"column":32}},"13":{"start":{"line":40,"column":0},"end":{"line":42,"column":46}},"14":{"start":{"line":41,"column":14},"end":{"line":41,"column":50}},"15":{"start":{"line":42,"column":16},"end":{"line":42,"column":44}},"16":{"start":{"line":44,"column":0},"end":{"line":46,"column":34}},"17":{"start":{"line":45,"column":14},"end":{"line":45,"column":42}},"18":{"start":{"line":46,"column":16},"end":{"line":46,"column":32}},"19":{"start":{"line":48,"column":13},"end":{"line":48,"column":37}},"20":{"start":{"line":50,"column":0},"end":{"line":52,"column":3}},"21":{"start":{"line":51,"column":2},"end":{"line":51,"column":48}}},"fnMap":{"0":{"name":"(anonymous_0)","decl":{"start":{"line":36,"column":13},"end":{"line":36,"column":14}},"loc":{"start":{"line":36,"column":27},"end":{"line":38,"column":1}},"line":36},"1":{"name":"(anonymous_1)","decl":{"start":{"line":41,"column":8},"end":{"line":41,"column":9}},"loc":{"start":{"line":41,"column":14},"end":{"line":41,"column":50}},"line":41},"2":{"name":"(anonymous_2)","decl":{"start":{"line":42,"column":9},"end":{"line":42,"column":10}},"loc":{"start":{"line":42,"column":16},"end":{"line":42,"column":44}},"line":42},"3":{"name":"(anonymous_3)","decl":{"start":{"line":45,"column":8},"end":{"line":45,"column":9}},"loc":{"start":{"line":45,"column":14},"end":{"line":45,"column":42}},"line":45},"4":{"name":"(anonymous_4)","decl":{"start":{"line":46,"column":9},"end":{"line":46,"column":10}},"loc":{"start":{"line":46,"column":16},"end":{"line":46,"column":32}},"line":46},"5":{"name":"(anonymous_5)","decl":{"start":{"line":50,"column":17},"end":{"line":50,"column":18}},"loc":{"start":{"line":50,"column":23},"end":{"line":52,"column":1}},"line":50}},"branchMap":{"0":{"loc":{"start":{"line":48,"column":13},"end":{"line":48,"column":37}},"type":"binary-expr","locations":[{"start":{"line":48,"column":13},"end":{"line":48,"column":29}},{"start":{"line":48,"column":33},"end":{"line":48,"column":37}}],"line":48}},"s":{"0":1,"1":1,"2":1,"3":1,"4":1,"5":1,"6":1,"7":1,"8":1,"9":1,"10":1,"11":1,"12":0,"13":1,"14":1,"15":0,"16":1,"17":1,"18":0,"19":1,"20":1,"21":1},"f":{"0":0,"1":1,"2":0,"3":1,"4":0,"5":1},"b":{"0":[1,0]},"_coverageSchema":"1a1c01bbd47fc00a2c39e90264f33305004495a9","hash":"dd1e86333d912e089e3ea50b0bb5e3105b49fa47"}
,"C:\\Users\\ACER\\Portofolio-app\\backend\\config\\database.js": {"path":"C:\\Users\\ACER\\Portofolio-app\\backend\\config\\database.js","statementMap":{"0":{"start":{"line":3,"column":18},"end":{"line":6,"column":2}}},"fnMap":{},"branchMap":{},"s":{"0":1},"f":{},"b":{},"_coverageSchema":"1a1c01bbd47fc00a2c39e90264f33305004495a9","hash":"118d613770a791503f4d46c138228c7abd247451"}
,"C:\\Users\\ACER\\Portofolio-app\\backend\\controllers\\authController.js": {"path":"C:\\Users\\ACER\\Portofolio-app\\backend\\controllers\\authController.js","statementMap":{"0":{"start":{"line":7,"column":24},"end":{"line":52,"column":1}},"1":{"start":{"line":8,"column":2},"end":{"line":51,"column":5}},"2":{"start":{"line":9,"column":42},"end":{"line":9,"column":50}},"3":{"start":{"line":12,"column":27},"end":{"line":12,"column":58}},"4":{"start":{"line":15,"column":20},"end":{"line":19,"column":6}},"5":{"start":{"line":22,"column":18},"end":{"line":31,"column":5}},"6":{"start":{"line":33,"column":4},"end":{"line":42,"column":7}},"7":{"start":{"line":45,"column":6},"end":{"line":45,"column":37}},"8":{"start":{"line":46,"column":6},"end":{"line":46,"column":25}},"9":{"start":{"line":48,"column":6},"end":{"line":50,"column":9}},"10":{"start":{"line":56,"column":21},"end":{"line":113,"column":1}},"11":{"start":{"line":57,"column":2},"end":{"line":112,"column":3}},"12":{"start":{"line":58,"column":32},"end":{"line":58,"column":40}},"13":{"start":{"line":61,"column":17},"end":{"line":63,"column":6}},"14":{"start":{"line":66,"column":4},"end":{"line":70,"column":5}},"15":{"start":{"line":67,"column":6},"end":{"line":69,"column":9}},"16":{"start":{"line":73,"column":26},"end":{"line":76,"column":5}},"17":{"start":{"line":79,"column":4},"end":{"line":83,"column":5}},"18":{"start":{"line":80,"column":6},"end":{"line":82,"column":9}},"19":{"start":{"line":86,"column":18},"end":{"line":95,"column":5}},"20":{"start":{"line":97,"column":4},"end":{"line":106,"column":7}},"21":{"start":{"line":109,"column":4},"end":{"line":111,"column":7}}},"fnMap":{"0":{"name":"(anonymous_0)","decl":{"start":{"line":7,"column":24},"end":{"line":7,"column":25}},"loc":{"start":{"line":7,"column":44},"end":{"line":52,"column":1}},"line":7},"1":{"name":"(anonymous_1)","decl":{"start":{"line":56,"column":21},"end":{"line":56,"column":22}},"loc":{"start":{"line":56,"column":41},"end":{"line":113,"column":1}},"line":56}},"branchMap":{"0":{"loc":{"start":{"line":66,"column":4},"end":{"line":70,"column":5}},"type":"if","locations":[{"start":{"line":66,"column":4},"end":{"line":70,"column":5}},{"start":{},"end":{}}],"line":66},"1":{"loc":{"start":{"line":79,"column":4},"end":{"line":83,"column":5}},"type":"if","locations":[{"start":{"line":79,"column":4},"end":{"line":83,"column":5}},{"start":{},"end":{}}],"line":79}},"s":{"0":1,"1":0,"2":0,"3":0,"4":0,"5":0,"6":0,"7":0,"8":0,"9":0,"10":1,"11":0,"12":0,"13":0,"14":0,"15":0,"16":0,"17":0,"18":0,"19":0,"20":0,"21":0},"f":{"0":0,"1":0},"b":{"0":[0,0],"1":[0,0]},"_coverageSchema":"1a1c01bbd47fc00a2c39e90264f33305004495a9","hash":"34a16b123c9e95643e9dfb6fca9d7a65bb812b6d"}
,"C:\\Users\\ACER\\Portofolio-app\\backend\\controllers\\certificatesController.js": {"path":"C:\\Users\\ACER\\Portofolio-app\\backend\\controllers\\certificatesController.js","statementMap":{"0":{"start":{"line":4,"column":31},"end":{"line":19,"column":1}},"1":{"start":{"line":5,"column":2},"end":{"line":18,"column":3}},"2":{"start":{"line":6,"column":25},"end":{"line":11,"column":6}},"3":{"start":{"line":13,"column":4},"end":{"line":13,"column":39}},"4":{"start":{"line":15,"column":4},"end":{"line":17,"column":7}},"5":{"start":{"line":22,"column":30},"end":{"line":50,"column":1}},"6":{"start":{"line":24,"column":2},"end":{"line":49,"column":3}},"7":{"start":{"line":26,"column":4},"end":{"line":30,"column":5}},"8":{"start":{"line":27,"column":6},"end":{"line":29,"column":9}},"9":{"start":{"line":33,"column":6},"end":{"line":36,"column":8}},"10":{"start":{"line":38,"column":4},"end":{"line":41,"column":7}},"11":{"start":{"line":45,"column":4},"end":{"line":47,"column":7}},"12":{"start":{"line":52,"column":33},"end":{"line":85,"column":1}},"13":{"start":{"line":53,"column":2},"end":{"line":84,"column":3}},"14":{"start":{"line":54,"column":24},"end":{"line":54,"column":65}},"15":{"start":{"line":56,"column":4},"end":{"line":60,"column":5}},"16":{"start":{"line":57,"column":6},"end":{"line":59,"column":9}},"17":{"start":{"line":62,"column":4},"end":{"line":66,"column":5}},"18":{"start":{"line":63,"column":6},"end":{"line":65,"column":9}},"19":{"start":{"line":68,"column":4},"end":{"line":73,"column":5}},"20":{"start":{"line":72,"column":6},"end":{"line":72,"column":39}},"21":{"start":{"line":75,"column":4},"end":{"line":75,"column":32}},"22":{"start":{"line":77,"column":4},"end":{"line":79,"column":7}},"23":{"start":{"line":81,"column":4},"end":{"line":83,"column":7}}},"fnMap":{"0":{"name":"(anonymous_0)","decl":{"start":{"line":4,"column":31},"end":{"line":4,"column":32}},"loc":{"start":{"line":4,"column":51},"end":{"line":19,"column":1}},"line":4},"1":{"name":"(anonymous_1)","decl":{"start":{"line":22,"column":30},"end":{"line":22,"column":31}},"loc":{"start":{"line":22,"column":50},"end":{"line":50,"column":1}},"line":22},"2":{"name":"(anonymous_2)","decl":{"start":{"line":52,"column":33},"end":{"line":52,"column":34}},"loc":{"start":{"line":52,"column":53},"end":{"line":85,"column":1}},"line":52}},"branchMap":{"0":{"loc":{"start":{"line":26,"column":4},"end":{"line":30,"column":5}},"type":"if","locations":[{"start":{"line":26,"column":4},"end":{"line":30,"column":5}},{"start":{},"end":{}}],"line":26},"1":{"loc":{"start":{"line":56,"column":4},"end":{"line":60,"column":5}},"type":"if","locations":[{"start":{"line":56,"column":4},"end":{"line":60,"column":5}},{"start":{},"end":{}}],"line":56},"2":{"loc":{"start":{"line":62,"column":4},"end":{"line":66,"column":5}},"type":"if","locations":[{"start":{"line":62,"column":4},"end":{"line":66,"column":5}},{"start":{},"end":{}}],"line":62},"3":{"loc":{"start":{"line":68,"column":4},"end":{"line":73,"column":5}},"type":"if","locations":[{"start":{"line":68,"column":4},"end":{"line":73,"column":5}},{"start":{},"end":{}}],"line":68},"4":{"loc":{"start":{"line":69,"column":6},"end":{"line":70,"column":38}},"type":"binary-expr","locations":[{"start":{"line":69,"column":6},"end":{"line":69,"column":23}},{"start":{"line":70,"column":6},"end":{"line":70,"column":38}}],"line":69}},"s":{"0":1,"1":0,"2":0,"3":0,"4":0,"5":1,"6":0,"7":0,"8":0,"9":0,"10":0,"11":0,"12":1,"13":0,"14":0,"15":0,"16":0,"17":0,"18":0,"19":0,"20":0,"21":0,"22":0,"23":0},"f":{"0":0,"1":0,"2":0},"b":{"0":[0,0],"1":[0,0],"2":[0,0],"3":[0,0],"4":[0,0]},"_coverageSchema":"1a1c01bbd47fc00a2c39e90264f33305004495a9","hash":"059deeb75a4fc9f82acac813a76da6331ed9aed2"}
,"C:\\Users\\ACER\\Portofolio-app\\backend\\controllers\\profileController.js": {"path":"C:\\Users\\ACER\\Portofolio-app\\backend\\controllers\\profileController.js","statementMap":{"0":{"start":{"line":10,"column":26},"end":{"line":42,"column":1}},"1":{"start":{"line":12,"column":2},"end":{"line":41,"column":3}},"2":{"start":{"line":14,"column":17},"end":{"line":26,"column":6}},"3":{"start":{"line":28,"column":4},"end":{"line":32,"column":5}},"4":{"start":{"line":29,"column":6},"end":{"line":31,"column":9}},"5":{"start":{"line":34,"column":4},"end":{"line":34,"column":31}},"6":{"start":{"line":38,"column":4},"end":{"line":40,"column":7}},"7":{"start":{"line":49,"column":29},"end":{"line":184,"column":1}},"8":{"start":{"line":51,"column":2},"end":{"line":183,"column":3}},"9":{"start":{"line":53,"column":50},"end":{"line":53,"column":58}},"10":{"start":{"line":59,"column":17},"end":{"line":59,"column":49}},"11":{"start":{"line":61,"column":4},"end":{"line":65,"column":5}},"12":{"start":{"line":62,"column":6},"end":{"line":64,"column":9}},"13":{"start":{"line":71,"column":26},"end":{"line":73,"column":6}},"14":{"start":{"line":75,"column":4},"end":{"line":82,"column":5}},"15":{"start":{"line":79,"column":6},"end":{"line":81,"column":9}},"16":{"start":{"line":88,"column":4},"end":{"line":88,"column":29}},"17":{"start":{"line":89,"column":4},"end":{"line":89,"column":23}},"18":{"start":{"line":91,"column":4},"end":{"line":91,"column":22}},"19":{"start":{"line":97,"column":18},"end":{"line":101,"column":6}},"20":{"start":{"line":107,"column":4},"end":{"line":117,"column":5}},"21":{"start":{"line":109,"column":6},"end":{"line":112,"column":9}},"22":{"start":{"line":116,"column":6},"end":{"line":116,"column":24}},"23":{"start":{"line":123,"column":4},"end":{"line":138,"column":5}},"24":{"start":{"line":126,"column":6},"end":{"line":133,"column":7}},"25":{"start":{"line":128,"column":24},"end":{"line":128,"column":45}},"26":{"start":{"line":130,"column":8},"end":{"line":132,"column":9}},"27":{"start":{"line":131,"column":10},"end":{"line":131,"column":33}},"28":{"start":{"line":136,"column":6},"end":{"line":137,"column":22}},"29":{"start":{"line":140,"column":4},"end":{"line":140,"column":25}},"30":{"start":{"line":146,"column":4},"end":{"line":172,"column":5}},"31":{"start":{"line":149,"column":6},"end":{"line":153,"column":9}},"32":{"start":{"line":157,"column":8},"end":{"line":159,"column":23}},"33":{"start":{"line":162,"column":6},"end":{"line":171,"column":7}},"34":{"start":{"line":164,"column":8},"end":{"line":170,"column":9}},"35":{"start":{"line":166,"column":10},"end":{"line":169,"column":13}},"36":{"start":{"line":174,"column":4},"end":{"line":176,"column":7}},"37":{"start":{"line":180,"column":4},"end":{"line":182,"column":7}}},"fnMap":{"0":{"name":"(anonymous_0)","decl":{"start":{"line":10,"column":26},"end":{"line":10,"column":27}},"loc":{"start":{"line":10,"column":46},"end":{"line":42,"column":1}},"line":10},"1":{"name":"(anonymous_1)","decl":{"start":{"line":49,"column":29},"end":{"line":49,"column":30}},"loc":{"start":{"line":49,"column":49},"end":{"line":184,"column":1}},"line":49}},"branchMap":{"0":{"loc":{"start":{"line":28,"column":4},"end":{"line":32,"column":5}},"type":"if","locations":[{"start":{"line":28,"column":4},"end":{"line":32,"column":5}},{"start":{},"end":{}}],"line":28},"1":{"loc":{"start":{"line":61,"column":4},"end":{"line":65,"column":5}},"type":"if","locations":[{"start":{"line":61,"column":4},"end":{"line":65,"column":5}},{"start":{},"end":{}}],"line":61},"2":{"loc":{"start":{"line":75,"column":4},"end":{"line":82,"column":5}},"type":"if","locations":[{"start":{"line":75,"column":4},"end":{"line":82,"column":5}},{"start":{},"end":{}}],"line":75},"3":{"loc":{"start":{"line":76,"column":6},"end":{"line":77,"column":34}},"type":"binary-expr","locations":[{"start":{"line":76,"column":6},"end":{"line":76,"column":19}},{"start":{"line":77,"column":6},"end":{"line":77,"column":34}}],"line":76},"4":{"loc":{"start":{"line":107,"column":4},"end":{"line":117,"column":5}},"type":"if","locations":[{"start":{"line":107,"column":4},"end":{"line":117,"column":5}},{"start":{"line":114,"column":11},"end":{"line":117,"column":5}}],"line":107},"5":{"loc":{"start":{"line":123,"column":4},"end":{"line":138,"column":5}},"type":"if","locations":[{"start":{"line":123,"column":4},"end":{"line":138,"column":5}},{"start":{},"end":{}}],"line":123},"6":{"loc":{"start":{"line":126,"column":6},"end":{"line":133,"column":7}},"type":"if","locations":[{"start":{"line":126,"column":6},"end":{"line":133,"column":7}},{"start":{},"end":{}}],"line":126},"7":{"loc":{"start":{"line":130,"column":8},"end":{"line":132,"column":9}},"type":"if","locations":[{"start":{"line":130,"column":8},"end":{"line":132,"column":9}},{"start":{},"end":{}}],"line":130},"8":{"loc":{"start":{"line":146,"column":4},"end":{"line":172,"column":5}},"type":"if","locations":[{"start":{"line":146,"column":4},"end":{"line":172,"column":5}},{"start":{},"end":{}}],"line":146},"9":{"loc":{"start":{"line":157,"column":8},"end":{"line":159,"column":23}},"type":"cond-expr","locations":[{"start":{"line":158,"column":12},"end":{"line":158,"column":35}},{"start":{"line":159,"column":12},"end":{"line":159,"column":23}}],"line":157},"10":{"loc":{"start":{"line":164,"column":8},"end":{"line":170,"column":9}},"type":"if","locations":[{"start":{"line":164,"column":8},"end":{"line":170,"column":9}},{"start":{},"end":{}}],"line":164}},"s":{"0":1,"1":0,"2":0,"3":0,"4":0,"5":0,"6":0,"7":1,"8":0,"9":0,"10":0,"11":0,"12":0,"13":0,"14":0,"15":0,"16":0,"17":0,"18":0,"19":0,"20":0,"21":0,"22":0,"23":0,"24":0,"25":0,"26":0,"27":0,"28":0,"29":0,"30":0,"31":0,"32":0,"33":0,"34":0,"35":0,"36":0,"37":0},"f":{"0":0,"1":0},"b":{"0":[0,0],"1":[0,0],"2":[0,0],"3":[0,0],"4":[0,0],"5":[0,0],"6":[0,0],"7":[0,0],"8":[0,0],"9":[0,0],"10":[0,0]},"_coverageSchema":"1a1c01bbd47fc00a2c39e90264f33305004495a9","hash":"804ce71fa70bf0eafac5a53b4739c495549da4cc"}
,"C:\\Users\\ACER\\Portofolio-app\\backend\\controllers\\projectController.js": {"path":"C:\\Users\\ACER\\Portofolio-app\\backend\\controllers\\projectController.js","statementMap":{"0":{"start":{"line":10,"column":26},"end":{"line":136,"column":1}},"1":{"start":{"line":16,"column":4},"end":{"line":16,"column":33}},"2":{"start":{"line":18,"column":2},"end":{"line":135,"column":3}},"3":{"start":{"line":25,"column":8},"end":{"line":25,"column":16}},"4":{"start":{"line":27,"column":4},"end":{"line":32,"column":5}},"5":{"start":{"line":28,"column":6},"end":{"line":31,"column":9}},"6":{"start":{"line":35,"column":6},"end":{"line":44,"column":7}},"7":{"start":{"line":50,"column":4},"end":{"line":68,"column":5}},"8":{"start":{"line":56,"column":8},"end":{"line":59,"column":11}},"9":{"start":{"line":56,"column":33},"end":{"line":59,"column":9}},"10":{"start":{"line":61,"column":6},"end":{"line":61,"column":26}},"11":{"start":{"line":62,"column":6},"end":{"line":67,"column":8}},"12":{"start":{"line":74,"column":4},"end":{"line":91,"column":5}},"13":{"start":{"line":77,"column":8},"end":{"line":77,"column":25}},"14":{"start":{"line":80,"column":8},"end":{"line":83,"column":11}},"15":{"start":{"line":80,"column":35},"end":{"line":83,"column":9}},"16":{"start":{"line":85,"column":6},"end":{"line":90,"column":8}},"17":{"start":{"line":97,"column":4},"end":{"line":118,"column":5}},"18":{"start":{"line":100,"column":8},"end":{"line":100,"column":26}},"19":{"start":{"line":103,"column":8},"end":{"line":110,"column":9}},"20":{"start":{"line":104,"column":24},"end":{"line":109,"column":11}},"21":{"start":{"line":112,"column":6},"end":{"line":117,"column":8}},"22":{"start":{"line":120,"column":4},"end":{"line":120,"column":31}},"23":{"start":{"line":122,"column":4},"end":{"line":125,"column":7}},"24":{"start":{"line":129,"column":4},"end":{"line":129,"column":33}},"25":{"start":{"line":131,"column":4},"end":{"line":133,"column":7}}},"fnMap":{"0":{"name":"(anonymous_0)","decl":{"start":{"line":10,"column":26},"end":{"line":10,"column":27}},"loc":{"start":{"line":13,"column":5},"end":{"line":136,"column":1}},"line":13},"1":{"name":"(anonymous_1)","decl":{"start":{"line":56,"column":22},"end":{"line":56,"column":23}},"loc":{"start":{"line":56,"column":33},"end":{"line":59,"column":9}},"line":56},"2":{"name":"(anonymous_2)","decl":{"start":{"line":80,"column":24},"end":{"line":80,"column":25}},"loc":{"start":{"line":80,"column":35},"end":{"line":83,"column":9}},"line":80},"3":{"name":"(anonymous_3)","decl":{"start":{"line":104,"column":10},"end":{"line":104,"column":11}},"loc":{"start":{"line":104,"column":24},"end":{"line":109,"column":11}},"line":104}},"branchMap":{"0":{"loc":{"start":{"line":27,"column":4},"end":{"line":32,"column":5}},"type":"if","locations":[{"start":{"line":27,"column":4},"end":{"line":32,"column":5}},{"start":{},"end":{}}],"line":27},"1":{"loc":{"start":{"line":50,"column":4},"end":{"line":68,"column":5}},"type":"if","locations":[{"start":{"line":50,"column":4},"end":{"line":68,"column":5}},{"start":{},"end":{}}],"line":50},"2":{"loc":{"start":{"line":51,"column":6},"end":{"line":52,"column":26}},"type":"binary-expr","locations":[{"start":{"line":51,"column":6},"end":{"line":51,"column":15}},{"start":{"line":52,"column":6},"end":{"line":52,"column":26}}],"line":51},"3":{"loc":{"start":{"line":74,"column":4},"end":{"line":91,"column":5}},"type":"if","locations":[{"start":{"line":74,"column":4},"end":{"line":91,"column":5}},{"start":{},"end":{}}],"line":74},"4":{"loc":{"start":{"line":97,"column":4},"end":{"line":118,"column":5}},"type":"if","locations":[{"start":{"line":97,"column":4},"end":{"line":118,"column":5}},{"start":{},"end":{}}],"line":97}},"s":{"0":1,"1":0,"2":0,"3":0,"4":0,"5":0,"6":0,"7":0,"8":0,"9":0,"10":0,"11":0,"12":0,"13":0,"14":0,"15":0,"16":0,"17":0,"18":0,"19":0,"20":0,"21":0,"22":0,"23":0,"24":0,"25":0},"f":{"0":0,"1":0,"2":0,"3":0},"b":{"0":[0,0],"1":[0,0],"2":[0,0],"3":[0,0],"4":[0,0]},"_coverageSchema":"1a1c01bbd47fc00a2c39e90264f33305004495a9","hash":"d7e1153e1a6a084022c7487ef1bb848e3ff877b9"}
,"C:\\Users\\ACER\\Portofolio-app\\backend\\controllers\\skillsController.js": {"path":"C:\\Users\\ACER\\Portofolio-app\\backend\\controllers\\skillsController.js","statementMap":{"0":{"start":{"line":7,"column":25},"end":{"line":22,"column":1}},"1":{"start":{"line":8,"column":2},"end":{"line":21,"column":3}},"2":{"start":{"line":9,"column":19},"end":{"line":14,"column":6}},"3":{"start":{"line":16,"column":4},"end":{"line":16,"column":33}},"4":{"start":{"line":18,"column":4},"end":{"line":20,"column":7}},"5":{"start":{"line":27,"column":24},"end":{"line":60,"column":1}},"6":{"start":{"line":28,"column":2},"end":{"line":59,"column":3}},"7":{"start":{"line":29,"column":31},"end":{"line":29,"column":39}},"8":{"start":{"line":32,"column":5},"end":{"line":36,"column":6}},"9":{"start":{"line":33,"column":7},"end":{"line":35,"column":10}},"10":{"start":{"line":38,"column":4},"end":{"line":42,"column":5}},"11":{"start":{"line":39,"column":6},"end":{"line":41,"column":9}},"12":{"start":{"line":44,"column":18},"end":{"line":49,"column":6}},"13":{"start":{"line":51,"column":4},"end":{"line":54,"column":7}},"14":{"start":{"line":56,"column":4},"end":{"line":58,"column":7}},"15":{"start":{"line":65,"column":27},"end":{"line":107,"column":1}},"16":{"start":{"line":66,"column":2},"end":{"line":106,"column":3}},"17":{"start":{"line":67,"column":18},"end":{"line":67,"column":53}},"18":{"start":{"line":69,"column":4},"end":{"line":73,"column":5}},"19":{"start":{"line":70,"column":6},"end":{"line":72,"column":9}},"20":{"start":{"line":75,"column":4},"end":{"line":79,"column":5}},"21":{"start":{"line":76,"column":6},"end":{"line":78,"column":9}},"22":{"start":{"line":81,"column":31},"end":{"line":81,"column":39}},"23":{"start":{"line":83,"column":4},"end":{"line":83,"column":36}},"24":{"start":{"line":84,"column":4},"end":{"line":84,"column":48}},"25":{"start":{"line":89,"column":4},"end":{"line":94,"column":5}},"26":{"start":{"line":90,"column":6},"end":{"line":92,"column":7}},"27":{"start":{"line":91,"column":8},"end":{"line":91,"column":34}},"28":{"start":{"line":93,"column":6},"end":{"line":93,"column":33}},"29":{"start":{"line":96,"column":4},"end":{"line":96,"column":23}},"30":{"start":{"line":98,"column":4},"end":{"line":101,"column":7}},"31":{"start":{"line":103,"column":4},"end":{"line":105,"column":7}},"32":{"start":{"line":112,"column":27},"end":{"line":142,"column":1}},"33":{"start":{"line":113,"column":2},"end":{"line":141,"column":3}},"34":{"start":{"line":114,"column":18},"end":{"line":114,"column":53}},"35":{"start":{"line":116,"column":4},"end":{"line":120,"column":5}},"36":{"start":{"line":117,"column":6},"end":{"line":119,"column":9}},"37":{"start":{"line":122,"column":4},"end":{"line":126,"column":5}},"38":{"start":{"line":123,"column":6},"end":{"line":125,"column":9}},"39":{"start":{"line":128,"column":4},"end":{"line":130,"column":5}},"40":{"start":{"line":129,"column":6},"end":{"line":129,"column":32}},"41":{"start":{"line":132,"column":4},"end":{"line":132,"column":26}},"42":{"start":{"line":134,"column":4},"end":{"line":136,"column":7}},"43":{"start":{"line":138,"column":4},"end":{"line":140,"column":7}}},"fnMap":{"0":{"name":"(anonymous_0)","decl":{"start":{"line":7,"column":25},"end":{"line":7,"column":26}},"loc":{"start":{"line":7,"column":45},"end":{"line":22,"column":1}},"line":7},"1":{"name":"(anonymous_1)","decl":{"start":{"line":27,"column":24},"end":{"line":27,"column":25}},"loc":{"start":{"line":27,"column":44},"end":{"line":60,"column":1}},"line":27},"2":{"name":"(anonymous_2)","decl":{"start":{"line":65,"column":27},"end":{"line":65,"column":28}},"loc":{"start":{"line":65,"column":47},"end":{"line":107,"column":1}},"line":65},"3":{"name":"(anonymous_3)","decl":{"start":{"line":112,"column":27},"end":{"line":112,"column":28}},"loc":{"start":{"line":112,"column":47},"end":{"line":142,"column":1}},"line":112}},"branchMap":{"0":{"loc":{"start":{"line":32,"column":5},"end":{"line":36,"column":6}},"type":"if","locations":[{"start":{"line":32,"column":5},"end":{"line":36,"column":6}},{"start":{},"end":{}}],"line":32},"1":{"loc":{"start":{"line":32,"column":9},"end":{"line":32,"column":27}},"type":"binary-expr","locations":[{"start":{"line":32,"column":9},"end":{"line":32,"column":14}},{"start":{"line":32,"column":18},"end":{"line":32,"column":27}}],"line":32},"2":{"loc":{"start":{"line":38,"column":4},"end":{"line":42,"column":5}},"type":"if","locations":[{"start":{"line":38,"column":4},"end":{"line":42,"column":5}},{"start":{},"end":{}}],"line":38},"3":{"loc":{"start":{"line":69,"column":4},"end":{"line":73,"column":5}},"type":"if","locations":[{"start":{"line":69,"column":4},"end":{"line":73,"column":5}},{"start":{},"end":{}}],"line":69},"4":{"loc":{"start":{"line":75,"column":4},"end":{"line":79,"column":5}},"type":"if","locations":[{"start":{"line":75,"column":4},"end":{"line":79,"column":5}},{"start":{},"end":{}}],"line":75},"5":{"loc":{"start":{"line":83,"column":17},"end":{"line":83,"column":35}},"type":"binary-expr","locations":[{"start":{"line":83,"column":17},"end":{"line":83,"column":21}},{"start":{"line":83,"column":25},"end":{"line":83,"column":35}}],"line":83},"6":{"loc":{"start":{"line":84,"column":21},"end":{"line":84,"column":47}},"type":"binary-expr","locations":[{"start":{"line":84,"column":21},"end":{"line":84,"column":29}},{"start":{"line":84,"column":33},"end":{"line":84,"column":47}}],"line":84},"7":{"loc":{"start":{"line":89,"column":4},"end":{"line":94,"column":5}},"type":"if","locations":[{"start":{"line":89,"column":4},"end":{"line":94,"column":5}},{"start":{},"end":{}}],"line":89},"8":{"loc":{"start":{"line":90,"column":6},"end":{"line":92,"column":7}},"type":"if","locations":[{"start":{"line":90,"column":6},"end":{"line":92,"column":7}},{"start":{},"end":{}}],"line":90},"9":{"loc":{"start":{"line":90,"column":10},"end":{"line":90,"column":49}},"type":"binary-expr","locations":[{"start":{"line":90,"column":10},"end":{"line":90,"column":20}},{"start":{"line":90,"column":24},"end":{"line":90,"column":49}}],"line":90},"10":{"loc":{"start":{"line":116,"column":4},"end":{"line":120,"column":5}},"type":"if","locations":[{"start":{"line":116,"column":4},"end":{"line":120,"column":5}},{"start":{},"end":{}}],"line":116},"11":{"loc":{"start":{"line":122,"column":4},"end":{"line":126,"column":5}},"type":"if","locations":[{"start":{"line":122,"column":4},"end":{"line":126,"column":5}},{"start":{},"end":{}}],"line":122},"12":{"loc":{"start":{"line":128,"column":4},"end":{"line":130,"column":5}},"type":"if","locations":[{"start":{"line":128,"column":4},"end":{"line":130,"column":5}},{"start":{},"end":{}}],"line":128},"13":{"loc":{"start":{"line":128,"column":8},"end":{"line":128,"column":47}},"type":"binary-expr","locations":[{"start":{"line":128,"column":8},"end":{"line":128,"column":18}},{"start":{"line":128,"column":22},"end":{"line":128,"column":47}}],"line":128}},"s":{"0":1,"1":0,"2":0,"3":0,"4":0,"5":1,"6":0,"7":0,"8":0,"9":0,"10":0,"11":0,"12":0,"13":0,"14":0,"15":1,"16":0,"17":0,"18":0,"19":0,"20":0,"21":0,"22":0,"23":0,"24":0,"25":0,"26":0,"27":0,"28":0,"29":0,"30":0,"31":0,"32":1,"33":0,"34":0,"35":0,"36":0,"37":0,"38":0,"39":0,"40":0,"41":0,"42":0,"43":0},"f":{"0":0,"1":0,"2":0,"3":0},"b":{"0":[0,0],"1":[0,0],"2":[0,0],"3":[0,0],"4":[0,0],"5":[0,0],"6":[0,0],"7":[0,0],"8":[0,0],"9":[0,0],"10":[0,0],"11":[0,0],"12":[0,0],"13":[0,0]},"_coverageSchema":"1a1c01bbd47fc00a2c39e90264f33305004495a9","hash":"d684e9805115cb1da7aeec62e6ec862bcd7ab81d"}
,"C:\\Users\\ACER\\Portofolio-app\\backend\\controllers\\usersController.js": {"path":"C:\\Users\\ACER\\Portofolio-app\\backend\\controllers\\usersController.js","statementMap":{"0":{"start":{"line":5,"column":24},"end":{"line":16,"column":1}},"1":{"start":{"line":6,"column":2},"end":{"line":15,"column":3}},"2":{"start":{"line":7,"column":18},"end":{"line":7,"column":38}},"3":{"start":{"line":9,"column":4},"end":{"line":9,"column":32}},"4":{"start":{"line":12,"column":4},"end":{"line":14,"column":7}},"5":{"start":{"line":20,"column":26},"end":{"line":38,"column":1}},"6":{"start":{"line":21,"column":2},"end":{"line":37,"column":3}},"7":{"start":{"line":23,"column":19},"end":{"line":23,"column":29}},"8":{"start":{"line":25,"column":4},"end":{"line":27,"column":7}},"9":{"start":{"line":29,"column":4},"end":{"line":31,"column":7}},"10":{"start":{"line":34,"column":4},"end":{"line":36,"column":7}},"11":{"start":{"line":41,"column":26},"end":{"line":67,"column":1}},"12":{"start":{"line":42,"column":2},"end":{"line":66,"column":3}},"13":{"start":{"line":44,"column":19},"end":{"line":44,"column":29}},"14":{"start":{"line":46,"column":32},"end":{"line":46,"column":40}},"15":{"start":{"line":48,"column":4},"end":{"line":56,"column":6}},"16":{"start":{"line":58,"column":4},"end":{"line":60,"column":7}},"17":{"start":{"line":63,"column":4},"end":{"line":65,"column":7}}},"fnMap":{"0":{"name":"(anonymous_0)","decl":{"start":{"line":5,"column":24},"end":{"line":5,"column":25}},"loc":{"start":{"line":5,"column":44},"end":{"line":16,"column":1}},"line":5},"1":{"name":"(anonymous_1)","decl":{"start":{"line":20,"column":26},"end":{"line":20,"column":27}},"loc":{"start":{"line":20,"column":46},"end":{"line":38,"column":1}},"line":20},"2":{"name":"(anonymous_2)","decl":{"start":{"line":41,"column":26},"end":{"line":41,"column":27}},"loc":{"start":{"line":41,"column":46},"end":{"line":67,"column":1}},"line":41}},"branchMap":{},"s":{"0":1,"1":0,"2":0,"3":0,"4":0,"5":1,"6":0,"7":0,"8":0,"9":0,"10":0,"11":1,"12":0,"13":0,"14":0,"15":0,"16":0,"17":0},"f":{"0":0,"1":0,"2":0},"b":{},"_coverageSchema":"1a1c01bbd47fc00a2c39e90264f33305004495a9","hash":"0d379632ff0ceb381c80c0f708a731eb50944619"}
,"C:\\Users\\ACER\\Portofolio-app\\backend\\middleware\\authMiddleware.js": {"path":"C:\\Users\\ACER\\Portofolio-app\\backend\\middleware\\authMiddleware.js","statementMap":{"0":{"start":{"line":3,"column":20},"end":{"line":30,"column":1}},"1":{"start":{"line":4,"column":21},"end":{"line":4,"column":46}},"2":{"start":{"line":7,"column":2},"end":{"line":11,"column":3}},"3":{"start":{"line":8,"column":4},"end":{"line":10,"column":7}},"4":{"start":{"line":14,"column":16},"end":{"line":14,"column":40}},"5":{"start":{"line":16,"column":2},"end":{"line":29,"column":3}},"6":{"start":{"line":18,"column":21},"end":{"line":18,"column":62}},"7":{"start":{"line":21,"column":4},"end":{"line":21,"column":24}},"8":{"start":{"line":23,"column":4},"end":{"line":23,"column":11}},"9":{"start":{"line":26,"column":4},"end":{"line":28,"column":7}}},"fnMap":{"0":{"name":"(anonymous_0)","decl":{"start":{"line":3,"column":20},"end":{"line":3,"column":21}},"loc":{"start":{"line":3,"column":40},"end":{"line":30,"column":1}},"line":3}},"branchMap":{"0":{"loc":{"start":{"line":7,"column":2},"end":{"line":11,"column":3}},"type":"if","locations":[{"start":{"line":7,"column":2},"end":{"line":11,"column":3}},{"start":{},"end":{}}],"line":7}},"s":{"0":1,"1":0,"2":0,"3":0,"4":0,"5":0,"6":0,"7":0,"8":0,"9":0},"f":{"0":0},"b":{"0":[0,0]},"_coverageSchema":"1a1c01bbd47fc00a2c39e90264f33305004495a9","hash":"ae6d2ce812d4f305569fa5bb631669b8fac576a4"}
,"C:\\Users\\ACER\\Portofolio-app\\backend\\middleware\\uploadCertificates.js": {"path":"C:\\Users\\ACER\\Portofolio-app\\backend\\middleware\\uploadCertificates.js","statementMap":{"0":{"start":{"line":3,"column":16},"end":{"line":16,"column":2}},"1":{"start":{"line":6,"column":4},"end":{"line":6,"column":37}},"2":{"start":{"line":12,"column":6},"end":{"line":12,"column":42}},"3":{"start":{"line":14,"column":4},"end":{"line":14,"column":25}},"4":{"start":{"line":18,"column":27},"end":{"line":20,"column":2}}},"fnMap":{"0":{"name":"(anonymous_0)","decl":{"start":{"line":5,"column":15},"end":{"line":5,"column":16}},"loc":{"start":{"line":5,"column":34},"end":{"line":7,"column":3}},"line":5},"1":{"name":"(anonymous_1)","decl":{"start":{"line":9,"column":12},"end":{"line":9,"column":13}},"loc":{"start":{"line":9,"column":31},"end":{"line":15,"column":3}},"line":9}},"branchMap":{},"s":{"0":1,"1":0,"2":0,"3":0,"4":1},"f":{"0":0,"1":0},"b":{},"_coverageSchema":"1a1c01bbd47fc00a2c39e90264f33305004495a9","hash":"9c69e4ae3505a6865bd528716ec94c5bde70179a"}
,"C:\\Users\\ACER\\Portofolio-app\\backend\\middleware\\uploadProfile.js": {"path":"C:\\Users\\ACER\\Portofolio-app\\backend\\middleware\\uploadProfile.js","statementMap":{"0":{"start":{"line":3,"column":16},"end":{"line":16,"column":2}},"1":{"start":{"line":6,"column":4},"end":{"line":6,"column":32}},"2":{"start":{"line":12,"column":6},"end":{"line":12,"column":42}},"3":{"start":{"line":14,"column":4},"end":{"line":14,"column":25}},"4":{"start":{"line":18,"column":22},"end":{"line":20,"column":2}}},"fnMap":{"0":{"name":"(anonymous_0)","decl":{"start":{"line":5,"column":15},"end":{"line":5,"column":16}},"loc":{"start":{"line":5,"column":34},"end":{"line":7,"column":3}},"line":5},"1":{"name":"(anonymous_1)","decl":{"start":{"line":9,"column":12},"end":{"line":9,"column":13}},"loc":{"start":{"line":9,"column":31},"end":{"line":15,"column":3}},"line":9}},"branchMap":{},"s":{"0":1,"1":0,"2":0,"3":0,"4":1},"f":{"0":0,"1":0},"b":{},"_coverageSchema":"1a1c01bbd47fc00a2c39e90264f33305004495a9","hash":"a4ee2fa87aeb2aaef209af9f07c6645c835937fa"}
,"C:\\Users\\ACER\\Portofolio-app\\backend\\middleware\\uploadProjects.js": {"path":"C:\\Users\\ACER\\Portofolio-app\\backend\\middleware\\uploadProjects.js","statementMap":{"0":{"start":{"line":5,"column":19},"end":{"line":5,"column":37}},"1":{"start":{"line":7,"column":0},"end":{"line":11,"column":1}},"2":{"start":{"line":8,"column":2},"end":{"line":10,"column":5}},"3":{"start":{"line":13,"column":16},"end":{"line":34,"column":2}},"4":{"start":{"line":16,"column":4},"end":{"line":16,"column":25}},"5":{"start":{"line":22,"column":12},"end":{"line":22,"column":46}},"6":{"start":{"line":25,"column":12},"end":{"line":27,"column":43}},"7":{"start":{"line":29,"column":8},"end":{"line":32,"column":10}},"8":{"start":{"line":36,"column":22},"end":{"line":43,"column":2}}},"fnMap":{"0":{"name":"(anonymous_0)","decl":{"start":{"line":15,"column":15},"end":{"line":15,"column":16}},"loc":{"start":{"line":15,"column":34},"end":{"line":17,"column":3}},"line":15},"1":{"name":"(anonymous_1)","decl":{"start":{"line":19,"column":14},"end":{"line":19,"column":15}},"loc":{"start":{"line":19,"column":33},"end":{"line":33,"column":5}},"line":19}},"branchMap":{"0":{"loc":{"start":{"line":7,"column":0},"end":{"line":11,"column":1}},"type":"if","locations":[{"start":{"line":7,"column":0},"end":{"line":11,"column":1}},{"start":{},"end":{}}],"line":7}},"s":{"0":1,"1":1,"2":0,"3":1,"4":0,"5":0,"6":0,"7":0,"8":1},"f":{"0":0,"1":0},"b":{"0":[0,1]},"_coverageSchema":"1a1c01bbd47fc00a2c39e90264f33305004495a9","hash":"549b805a93594bd0fa81da1cafb46e5abdb1873b"}
,"C:\\Users\\ACER\\Portofolio-app\\backend\\middleware\\uploadSkills.js": {"path":"C:\\Users\\ACER\\Portofolio-app\\backend\\middleware\\uploadSkills.js","statementMap":{"0":{"start":{"line":5,"column":16},"end":{"line":34,"column":2}},"1":{"start":{"line":9,"column":23},"end":{"line":13,"column":5}},"2":{"start":{"line":15,"column":4},"end":{"line":20,"column":5}},"3":{"start":{"line":17,"column":6},"end":{"line":19,"column":9}},"4":{"start":{"line":22,"column":4},"end":{"line":22,"column":25}},"5":{"start":{"line":28,"column":6},"end":{"line":30,"column":23}},"6":{"start":{"line":32,"column":4},"end":{"line":32,"column":25}},"7":{"start":{"line":36,"column":20},"end":{"line":38,"column":2}}},"fnMap":{"0":{"name":"(anonymous_0)","decl":{"start":{"line":7,"column":15},"end":{"line":7,"column":16}},"loc":{"start":{"line":7,"column":34},"end":{"line":23,"column":3}},"line":7},"1":{"name":"(anonymous_1)","decl":{"start":{"line":25,"column":12},"end":{"line":25,"column":13}},"loc":{"start":{"line":25,"column":31},"end":{"line":33,"column":3}},"line":25}},"branchMap":{"0":{"loc":{"start":{"line":15,"column":4},"end":{"line":20,"column":5}},"type":"if","locations":[{"start":{"line":15,"column":4},"end":{"line":20,"column":5}},{"start":{},"end":{}}],"line":15}},"s":{"0":1,"1":0,"2":0,"3":0,"4":0,"5":0,"6":0,"7":1},"f":{"0":0,"1":0},"b":{"0":[0,0]},"_coverageSchema":"1a1c01bbd47fc00a2c39e90264f33305004495a9","hash":"947f1d2d87b2817b582dd3b66711e9661d1bc199"}
,"C:\\Users\\ACER\\Portofolio-app\\backend\\models\\Project.js": {"path":"C:\\Users\\ACER\\Portofolio-app\\backend\\models\\Project.js","statementMap":{"0":{"start":{"line":4,"column":16},"end":{"line":32,"column":1}}},"fnMap":{},"branchMap":{},"s":{"0":1},"f":{},"b":{},"_coverageSchema":"1a1c01bbd47fc00a2c39e90264f33305004495a9","hash":"b93ae8b51ad591673cce766e76ca891fb7c4da86"}
,"C:\\Users\\ACER\\Portofolio-app\\backend\\models\\ProjectImage.js": {"path":"C:\\Users\\ACER\\Portofolio-app\\backend\\models\\ProjectImage.js","statementMap":{"0":{"start":{"line":4,"column":21},"end":{"line":27,"column":1}}},"fnMap":{},"branchMap":{},"s":{"0":1},"f":{},"b":{},"_coverageSchema":"1a1c01bbd47fc00a2c39e90264f33305004495a9","hash":"d64468730abd23f91e60226b0c4cd5b22f1ddfa5"}
,"C:\\Users\\ACER\\Portofolio-app\\backend\\models\\ProjectLink.js": {"path":"C:\\Users\\ACER\\Portofolio-app\\backend\\models\\ProjectLink.js","statementMap":{"0":{"start":{"line":4,"column":20},"end":{"line":27,"column":1}}},"fnMap":{},"branchMap":{},"s":{"0":1},"f":{},"b":{},"_coverageSchema":"1a1c01bbd47fc00a2c39e90264f33305004495a9","hash":"f3221e9c65f36a05c62dcdd57014a0d661545dd0"}
,"C:\\Users\\ACER\\Portofolio-app\\backend\\models\\ProjectSkill.js": {"path":"C:\\Users\\ACER\\Portofolio-app\\backend\\models\\ProjectSkill.js","statementMap":{"0":{"start":{"line":4,"column":21},"end":{"line":27,"column":1}}},"fnMap":{},"branchMap":{},"s":{"0":1},"f":{},"b":{},"_coverageSchema":"1a1c01bbd47fc00a2c39e90264f33305004495a9","hash":"ed026697be4471f7d9d295c2cd48c72ea7a9a9a9"}
,"C:\\Users\\ACER\\Portofolio-app\\backend\\models\\Skills.js": {"path":"C:\\Users\\ACER\\Portofolio-app\\backend\\models\\Skills.js","statementMap":{"0":{"start":{"line":4,"column":14},"end":{"line":37,"column":1}}},"fnMap":{},"branchMap":{},"s":{"0":1},"f":{},"b":{},"_coverageSchema":"1a1c01bbd47fc00a2c39e90264f33305004495a9","hash":"4696e2f538e348288e5214b27297614692dea327"}
,"C:\\Users\\ACER\\Portofolio-app\\backend\\models\\SocialLink.js": {"path":"C:\\Users\\ACER\\Portofolio-app\\backend\\models\\SocialLink.js","statementMap":{"0":{"start":{"line":4,"column":19},"end":{"line":15,"column":1}}},"fnMap":{},"branchMap":{},"s":{"0":1},"f":{},"b":{},"_coverageSchema":"1a1c01bbd47fc00a2c39e90264f33305004495a9","hash":"2c86290cb72d709a2d0c7c10cb0027c41d9718ca"}
,"C:\\Users\\ACER\\Portofolio-app\\backend\\models\\User.js": {"path":"C:\\Users\\ACER\\Portofolio-app\\backend\\models\\User.js","statementMap":{"0":{"start":{"line":5,"column":13},"end":{"line":15,"column":2}}},"fnMap":{},"branchMap":{},"s":{"0":1},"f":{},"b":{},"_coverageSchema":"1a1c01bbd47fc00a2c39e90264f33305004495a9","hash":"5eff61015f2a39a3dd9a10636806c68b16a67e0c"}
,"C:\\Users\\ACER\\Portofolio-app\\backend\\models\\certificates.js": {"path":"C:\\Users\\ACER\\Portofolio-app\\backend\\models\\certificates.js","statementMap":{"0":{"start":{"line":4,"column":20},"end":{"line":26,"column":1}}},"fnMap":{},"branchMap":{},"s":{"0":1},"f":{},"b":{},"_coverageSchema":"1a1c01bbd47fc00a2c39e90264f33305004495a9","hash":"3ba6be31bfb37eb2506db696403e0e30ec816e0c"}
,"C:\\Users\\ACER\\Portofolio-app\\backend\\models\\index.js": {"path":"C:\\Users\\ACER\\Portofolio-app\\backend\\models\\index.js","statementMap":{"0":{"start":{"line":13,"column":0},"end":{"line":16,"column":3}},"1":{"start":{"line":18,"column":0},"end":{"line":20,"column":3}},"2":{"start":{"line":22,"column":0},"end":{"line":25,"column":3}},"3":{"start":{"line":27,"column":0},"end":{"line":29,"column":3}},"4":{"start":{"line":31,"column":0},"end":{"line":33,"column":3}},"5":{"start":{"line":35,"column":0},"end":{"line":37,"column":3}},"6":{"start":{"line":39,"column":0},"end":{"line":41,"column":3}},"7":{"start":{"line":43,"column":0},"end":{"line":45,"column":3}},"8":{"start":{"line":47,"column":0},"end":{"line":49,"column":3}},"9":{"start":{"line":51,"column":0},"end":{"line":53,"column":3}},"10":{"start":{"line":55,"column":0},"end":{"line":58,"column":3}},"11":{"start":{"line":60,"column":0},"end":{"line":62,"column":3}},"12":{"start":{"line":64,"column":0},"end":{"line":67,"column":3}},"13":{"start":{"line":69,"column":0},"end":{"line":71,"column":3}},"14":{"start":{"line":73,"column":0},"end":{"line":76,"column":3}},"15":{"start":{"line":78,"column":0},"end":{"line":81,"column":3}}},"fnMap":{},"branchMap":{},"s":{"0":1,"1":1,"2":1,"3":1,"4":1,"5":1,"6":1,"7":1,"8":1,"9":1,"10":1,"11":1,"12":1,"13":1,"14":1,"15":1},"f":{},"b":{},"_coverageSchema":"1a1c01bbd47fc00a2c39e90264f33305004495a9","hash":"defb885e5aaa0816746dc3ada490069be8bb0d87"}
,"C:\\Users\\ACER\\Portofolio-app\\backend\\models\\profile.js": {"path":"C:\\Users\\ACER\\Portofolio-app\\backend\\models\\profile.js","statementMap":{"0":{"start":{"line":4,"column":16},"end":{"line":14,"column":2}}},"fnMap":{},"branchMap":{},"s":{"0":1},"f":{},"b":{},"_coverageSchema":"1a1c01bbd47fc00a2c39e90264f33305004495a9","hash":"e8375963fa9c019daa1328c1ced99764aaa97130"}
,"C:\\Users\\ACER\\Portofolio-app\\backend\\routes\\authRoutes.js": {"path":"C:\\Users\\ACER\\Portofolio-app\\backend\\routes\\authRoutes.js","statementMap":{"0":{"start":{"line":8,"column":15},"end":{"line":8,"column":31}},"1":{"start":{"line":10,"column":0},"end":{"line":10,"column":35}},"2":{"start":{"line":11,"column":0},"end":{"line":11,"column":29}}},"fnMap":{},"branchMap":{},"s":{"0":1,"1":1,"2":1},"f":{},"b":{},"_coverageSchema":"1a1c01bbd47fc00a2c39e90264f33305004495a9","hash":"c68e4fbaf6bd952dea2fd9a5bacc5cdd5da47879"}
,"C:\\Users\\ACER\\Portofolio-app\\backend\\routes\\certificatesRoutes.js": {"path":"C:\\Users\\ACER\\Portofolio-app\\backend\\routes\\certificatesRoutes.js","statementMap":{"0":{"start":{"line":13,"column":15},"end":{"line":13,"column":31}},"1":{"start":{"line":17,"column":0},"end":{"line":17,"column":48}},"2":{"start":{"line":20,"column":0},"end":{"line":20,"column":83}},"3":{"start":{"line":23,"column":0},"end":{"line":23,"column":56}}},"fnMap":{},"branchMap":{},"s":{"0":1,"1":1,"2":1,"3":1},"f":{},"b":{},"_coverageSchema":"1a1c01bbd47fc00a2c39e90264f33305004495a9","hash":"bb5023d0fbc3049611362f3447aad588414e30ae"}
,"C:\\Users\\ACER\\Portofolio-app\\backend\\routes\\profileRoutes.js": {"path":"C:\\Users\\ACER\\Portofolio-app\\backend\\routes\\profileRoutes.js","statementMap":{"0":{"start":{"line":12,"column":15},"end":{"line":12,"column":31}},"1":{"start":{"line":16,"column":0},"end":{"line":20,"column":2}},"2":{"start":{"line":24,"column":0},"end":{"line":29,"column":2}}},"fnMap":{},"branchMap":{},"s":{"0":1,"1":1,"2":1},"f":{},"b":{},"_coverageSchema":"1a1c01bbd47fc00a2c39e90264f33305004495a9","hash":"88555a9851b54e4e8f1e674c6e107752d76bf131"}
,"C:\\Users\\ACER\\Portofolio-app\\backend\\routes\\projectRoutes.js": {"path":"C:\\Users\\ACER\\Portofolio-app\\backend\\routes\\projectRoutes.js","statementMap":{"0":{"start":{"line":11,"column":15},"end":{"line":11,"column":31}},"1":{"start":{"line":13,"column":0},"end":{"line":21,"column":2}}},"fnMap":{},"branchMap":{},"s":{"0":1,"1":1},"f":{},"b":{},"_coverageSchema":"1a1c01bbd47fc00a2c39e90264f33305004495a9","hash":"9e9cbfdcf34c28a722880c394b81bb0dffe5817e"}
,"C:\\Users\\ACER\\Portofolio-app\\backend\\routes\\skillsRoutes.js": {"path":"C:\\Users\\ACER\\Portofolio-app\\backend\\routes\\skillsRoutes.js","statementMap":{"0":{"start":{"line":19,"column":15},"end":{"line":19,"column":31}},"1":{"start":{"line":23,"column":0},"end":{"line":27,"column":2}},"2":{"start":{"line":31,"column":0},"end":{"line":36,"column":2}},"3":{"start":{"line":40,"column":0},"end":{"line":45,"column":2}},"4":{"start":{"line":49,"column":0},"end":{"line":53,"column":2}}},"fnMap":{},"branchMap":{},"s":{"0":1,"1":1,"2":1,"3":1,"4":1},"f":{},"b":{},"_coverageSchema":"1a1c01bbd47fc00a2c39e90264f33305004495a9","hash":"18cec112db9bdc3989adac1fedc017e25fe083a1"}
,"C:\\Users\\ACER\\Portofolio-app\\backend\\routes\\userRoutes.js": {"path":"C:\\Users\\ACER\\Portofolio-app\\backend\\routes\\userRoutes.js","statementMap":{"0":{"start":{"line":11,"column":15},"end":{"line":11,"column":31}},"1":{"start":{"line":21,"column":0},"end":{"line":21,"column":39}},"2":{"start":{"line":24,"column":0},"end":{"line":24,"column":44}},"3":{"start":{"line":27,"column":0},"end":{"line":27,"column":47}}},"fnMap":{},"branchMap":{},"s":{"0":1,"1":1,"2":1,"3":1},"f":{},"b":{},"_coverageSchema":"1a1c01bbd47fc00a2c39e90264f33305004495a9","hash":"d890448efccc3a5b5f7d72dd94b7d51ad3462bd8"}
}
