{"C:\\Users\\ACER\\Portfolio-app-testing-final\\backend\\App.js": {"path":"C:\\Users\\ACER\\Portfolio-app-testing-final\\backend\\App.js","statementMap":{"0":{"start":{"line":2,"column":0},"end":{"line":2,"column":16}},"1":{"start":{"line":20,"column":12},"end":{"line":20,"column":21}},"2":{"start":{"line":23,"column":0},"end":{"line":23,"column":18}},"3":{"start":{"line":26,"column":16},"end":{"line":34,"column":2}},"4":{"start":{"line":37,"column":0},"end":{"line":39,"column":1}},"5":{"start":{"line":38,"column":2},"end":{"line":38,"column":19}},"6":{"start":{"line":41,"column":0},"end":{"line":41,"column":16}},"7":{"start":{"line":42,"column":0},"end":{"line":42,"column":24}},"8":{"start":{"line":44,"column":0},"end":{"line":44,"column":29}},"9":{"start":{"line":45,"column":0},"end":{"line":45,"column":30}},"10":{"start":{"line":46,"column":0},"end":{"line":46,"column":35}},"11":{"start":{"line":47,"column":0},"end":{"line":47,"column":45}},"12":{"start":{"line":48,"column":0},"end":{"line":48,"column":33}},"13":{"start":{"line":49,"column":0},"end":{"line":49,"column":36}},"14":{"start":{"line":51,"column":0},"end":{"line":51,"column":47}},"15":{"start":{"line":53,"column":0},"end":{"line":55,"column":3}},"16":{"start":{"line":54,"column":2},"end":{"line":54,"column":32}},"17":{"start":{"line":57,"column":0},"end":{"line":59,"column":46}},"18":{"start":{"line":58,"column":14},"end":{"line":58,"column":50}},"19":{"start":{"line":59,"column":16},"end":{"line":59,"column":44}},"20":{"start":{"line":61,"column":0},"end":{"line":63,"column":34}},"21":{"start":{"line":62,"column":14},"end":{"line":62,"column":42}},"22":{"start":{"line":63,"column":16},"end":{"line":63,"column":32}},"23":{"start":{"line":65,"column":13},"end":{"line":65,"column":37}},"24":{"start":{"line":67,"column":0},"end":{"line":71,"column":1}},"25":{"start":{"line":68,"column":2},"end":{"line":70,"column":5}},"26":{"start":{"line":69,"column":4},"end":{"line":69,"column":50}}},"fnMap":{"0":{"name":"(anonymous_0)","decl":{"start":{"line":53,"column":13},"end":{"line":53,"column":14}},"loc":{"start":{"line":53,"column":27},"end":{"line":55,"column":1}},"line":53},"1":{"name":"(anonymous_1)","decl":{"start":{"line":58,"column":8},"end":{"line":58,"column":9}},"loc":{"start":{"line":58,"column":14},"end":{"line":58,"column":50}},"line":58},"2":{"name":"(anonymous_2)","decl":{"start":{"line":59,"column":9},"end":{"line":59,"column":10}},"loc":{"start":{"line":59,"column":16},"end":{"line":59,"column":44}},"line":59},"3":{"name":"(anonymous_3)","decl":{"start":{"line":62,"column":8},"end":{"line":62,"column":9}},"loc":{"start":{"line":62,"column":14},"end":{"line":62,"column":42}},"line":62},"4":{"name":"(anonymous_4)","decl":{"start":{"line":63,"column":9},"end":{"line":63,"column":10}},"loc":{"start":{"line":63,"column":16},"end":{"line":63,"column":32}},"line":63},"5":{"name":"(anonymous_5)","decl":{"start":{"line":68,"column":19},"end":{"line":68,"column":20}},"loc":{"start":{"line":68,"column":25},"end":{"line":70,"column":3}},"line":68}},"branchMap":{"0":{"loc":{"start":{"line":37,"column":0},"end":{"line":39,"column":1}},"type":"if","locations":[{"start":{"line":37,"column":0},"end":{"line":39,"column":1}},{"start":{},"end":{}}],"line":37},"1":{"loc":{"start":{"line":65,"column":13},"end":{"line":65,"column":37}},"type":"binary-expr","locations":[{"start":{"line":65,"column":13},"end":{"line":65,"column":29}},{"start":{"line":65,"column":33},"end":{"line":65,"column":37}}],"line":65},"2":{"loc":{"start":{"line":67,"column":0},"end":{"line":71,"column":1}},"type":"if","locations":[{"start":{"line":67,"column":0},"end":{"line":71,"column":1}},{"start":{},"end":{}}],"line":67}},"s":{"0":4,"1":4,"2":4,"3":4,"4":4,"5":0,"6":4,"7":4,"8":4,"9":4,"10":4,"11":4,"12":4,"13":4,"14":4,"15":4,"16":0,"17":4,"18":2,"19":0,"20":4,"21":2,"22":0,"23":4,"24":4,"25":0,"26":0},"f":{"0":0,"1":2,"2":0,"3":2,"4":0,"5":0},"b":{"0":[0,4],"1":[4,0],"2":[0,4]},"_coverageSchema":"1a1c01bbd47fc00a2c39e90264f33305004495a9","hash":"1d13b735f806714b13f3311b7db741b1d67c3904"}
,"C:\\Users\\ACER\\Portfolio-app-testing-final\\backend\\config\\database.js": {"path":"C:\\Users\\ACER\\Portfolio-app-testing-final\\backend\\config\\database.js","statementMap":{"0":{"start":{"line":3,"column":18},"end":{"line":6,"column":2}}},"fnMap":{},"branchMap":{},"s":{"0":4},"f":{},"b":{},"_coverageSchema":"1a1c01bbd47fc00a2c39e90264f33305004495a9","hash":"31edf54b306571308cecdadb315e7ef1183681c4"}
,"C:\\Users\\ACER\\Portfolio-app-testing-final\\backend\\controllers\\authController.js": {"path":"C:\\Users\\ACER\\Portfolio-app-testing-final\\backend\\controllers\\authController.js","statementMap":{"0":{"start":{"line":6,"column":24},"end":{"line":57,"column":1}},"1":{"start":{"line":7,"column":2},"end":{"line":56,"column":3}},"2":{"start":{"line":8,"column":42},"end":{"line":8,"column":50}},"3":{"start":{"line":10,"column":25},"end":{"line":10,"column":65}},"4":{"start":{"line":11,"column":4},"end":{"line":15,"column":5}},"5":{"start":{"line":12,"column":6},"end":{"line":14,"column":9}},"6":{"start":{"line":18,"column":27},"end":{"line":18,"column":58}},"7":{"start":{"line":21,"column":20},"end":{"line":25,"column":6}},"8":{"start":{"line":28,"column":18},"end":{"line":37,"column":5}},"9":{"start":{"line":39,"column":4},"end":{"line":47,"column":7}},"10":{"start":{"line":50,"column":4},"end":{"line":50,"column":35}},"11":{"start":{"line":51,"column":4},"end":{"line":51,"column":23}},"12":{"start":{"line":53,"column":4},"end":{"line":55,"column":7}},"13":{"start":{"line":60,"column":21},"end":{"line":116,"column":1}},"14":{"start":{"line":61,"column":2},"end":{"line":115,"column":3}},"15":{"start":{"line":62,"column":32},"end":{"line":62,"column":40}},"16":{"start":{"line":65,"column":17},"end":{"line":67,"column":6}},"17":{"start":{"line":70,"column":4},"end":{"line":74,"column":5}},"18":{"start":{"line":71,"column":6},"end":{"line":73,"column":9}},"19":{"start":{"line":77,"column":26},"end":{"line":80,"column":5}},"20":{"start":{"line":83,"column":4},"end":{"line":87,"column":5}},"21":{"start":{"line":84,"column":6},"end":{"line":86,"column":9}},"22":{"start":{"line":90,"column":18},"end":{"line":99,"column":5}},"23":{"start":{"line":101,"column":4},"end":{"line":109,"column":7}},"24":{"start":{"line":112,"column":4},"end":{"line":114,"column":7}}},"fnMap":{"0":{"name":"(anonymous_0)","decl":{"start":{"line":6,"column":24},"end":{"line":6,"column":25}},"loc":{"start":{"line":6,"column":44},"end":{"line":57,"column":1}},"line":6},"1":{"name":"(anonymous_1)","decl":{"start":{"line":60,"column":21},"end":{"line":60,"column":22}},"loc":{"start":{"line":60,"column":41},"end":{"line":116,"column":1}},"line":60}},"branchMap":{"0":{"loc":{"start":{"line":11,"column":4},"end":{"line":15,"column":5}},"type":"if","locations":[{"start":{"line":11,"column":4},"end":{"line":15,"column":5}},{"start":{},"end":{}}],"line":11},"1":{"loc":{"start":{"line":70,"column":4},"end":{"line":74,"column":5}},"type":"if","locations":[{"start":{"line":70,"column":4},"end":{"line":74,"column":5}},{"start":{},"end":{}}],"line":70},"2":{"loc":{"start":{"line":83,"column":4},"end":{"line":87,"column":5}},"type":"if","locations":[{"start":{"line":83,"column":4},"end":{"line":87,"column":5}},{"start":{},"end":{}}],"line":83}},"s":{"0":4,"1":3,"2":3,"3":3,"4":3,"5":1,"6":2,"7":2,"8":2,"9":2,"10":0,"11":0,"12":0,"13":4,"14":2,"15":2,"16":2,"17":2,"18":0,"19":2,"20":2,"21":0,"22":2,"23":2,"24":0},"f":{"0":3,"1":2},"b":{"0":[1,2],"1":[0,2],"2":[0,2]},"_coverageSchema":"1a1c01bbd47fc00a2c39e90264f33305004495a9","hash":"e38cfb98b356ed7d2018bc89345fc16871481f60"}
,"C:\\Users\\ACER\\Portfolio-app-testing-final\\backend\\controllers\\certificatesController.js": {"path":"C:\\Users\\ACER\\Portfolio-app-testing-final\\backend\\controllers\\certificatesController.js","statementMap":{"0":{"start":{"line":4,"column":31},"end":{"line":19,"column":1}},"1":{"start":{"line":5,"column":2},"end":{"line":18,"column":3}},"2":{"start":{"line":6,"column":25},"end":{"line":11,"column":6}},"3":{"start":{"line":13,"column":4},"end":{"line":13,"column":39}},"4":{"start":{"line":15,"column":4},"end":{"line":17,"column":7}},"5":{"start":{"line":22,"column":30},"end":{"line":50,"column":1}},"6":{"start":{"line":24,"column":2},"end":{"line":49,"column":3}},"7":{"start":{"line":26,"column":4},"end":{"line":30,"column":5}},"8":{"start":{"line":27,"column":6},"end":{"line":29,"column":9}},"9":{"start":{"line":33,"column":6},"end":{"line":36,"column":8}},"10":{"start":{"line":38,"column":4},"end":{"line":41,"column":7}},"11":{"start":{"line":45,"column":4},"end":{"line":47,"column":7}},"12":{"start":{"line":52,"column":33},"end":{"line":85,"column":1}},"13":{"start":{"line":53,"column":2},"end":{"line":84,"column":3}},"14":{"start":{"line":54,"column":24},"end":{"line":54,"column":65}},"15":{"start":{"line":56,"column":4},"end":{"line":60,"column":5}},"16":{"start":{"line":57,"column":6},"end":{"line":59,"column":9}},"17":{"start":{"line":62,"column":4},"end":{"line":66,"column":5}},"18":{"start":{"line":63,"column":6},"end":{"line":65,"column":9}},"19":{"start":{"line":68,"column":4},"end":{"line":73,"column":5}},"20":{"start":{"line":72,"column":6},"end":{"line":72,"column":39}},"21":{"start":{"line":75,"column":4},"end":{"line":75,"column":32}},"22":{"start":{"line":77,"column":4},"end":{"line":79,"column":7}},"23":{"start":{"line":81,"column":4},"end":{"line":83,"column":7}}},"fnMap":{"0":{"name":"(anonymous_0)","decl":{"start":{"line":4,"column":31},"end":{"line":4,"column":32}},"loc":{"start":{"line":4,"column":51},"end":{"line":19,"column":1}},"line":4},"1":{"name":"(anonymous_1)","decl":{"start":{"line":22,"column":30},"end":{"line":22,"column":31}},"loc":{"start":{"line":22,"column":50},"end":{"line":50,"column":1}},"line":22},"2":{"name":"(anonymous_2)","decl":{"start":{"line":52,"column":33},"end":{"line":52,"column":34}},"loc":{"start":{"line":52,"column":53},"end":{"line":85,"column":1}},"line":52}},"branchMap":{"0":{"loc":{"start":{"line":26,"column":4},"end":{"line":30,"column":5}},"type":"if","locations":[{"start":{"line":26,"column":4},"end":{"line":30,"column":5}},{"start":{},"end":{}}],"line":26},"1":{"loc":{"start":{"line":56,"column":4},"end":{"line":60,"column":5}},"type":"if","locations":[{"start":{"line":56,"column":4},"end":{"line":60,"column":5}},{"start":{},"end":{}}],"line":56},"2":{"loc":{"start":{"line":62,"column":4},"end":{"line":66,"column":5}},"type":"if","locations":[{"start":{"line":62,"column":4},"end":{"line":66,"column":5}},{"start":{},"end":{}}],"line":62},"3":{"loc":{"start":{"line":68,"column":4},"end":{"line":73,"column":5}},"type":"if","locations":[{"start":{"line":68,"column":4},"end":{"line":73,"column":5}},{"start":{},"end":{}}],"line":68},"4":{"loc":{"start":{"line":69,"column":6},"end":{"line":70,"column":38}},"type":"binary-expr","locations":[{"start":{"line":69,"column":6},"end":{"line":69,"column":23}},{"start":{"line":70,"column":6},"end":{"line":70,"column":38}}],"line":69}},"s":{"0":4,"1":0,"2":0,"3":0,"4":0,"5":4,"6":0,"7":0,"8":0,"9":0,"10":0,"11":0,"12":4,"13":0,"14":0,"15":0,"16":0,"17":0,"18":0,"19":0,"20":0,"21":0,"22":0,"23":0},"f":{"0":0,"1":0,"2":0},"b":{"0":[0,0],"1":[0,0],"2":[0,0],"3":[0,0],"4":[0,0]},"_coverageSchema":"1a1c01bbd47fc00a2c39e90264f33305004495a9","hash":"46dc41331a2a324ae718a53ffb1fb6ff3790b804"}
,"C:\\Users\\ACER\\Portfolio-app-testing-final\\backend\\controllers\\profileController.js": {"path":"C:\\Users\\ACER\\Portfolio-app-testing-final\\backend\\controllers\\profileController.js","statementMap":{"0":{"start":{"line":10,"column":26},"end":{"line":42,"column":1}},"1":{"start":{"line":12,"column":2},"end":{"line":41,"column":3}},"2":{"start":{"line":14,"column":17},"end":{"line":26,"column":6}},"3":{"start":{"line":28,"column":4},"end":{"line":32,"column":5}},"4":{"start":{"line":29,"column":6},"end":{"line":31,"column":9}},"5":{"start":{"line":34,"column":4},"end":{"line":34,"column":31}},"6":{"start":{"line":38,"column":4},"end":{"line":40,"column":7}},"7":{"start":{"line":49,"column":29},"end":{"line":184,"column":1}},"8":{"start":{"line":51,"column":2},"end":{"line":183,"column":3}},"9":{"start":{"line":53,"column":50},"end":{"line":53,"column":58}},"10":{"start":{"line":59,"column":17},"end":{"line":59,"column":49}},"11":{"start":{"line":61,"column":4},"end":{"line":65,"column":5}},"12":{"start":{"line":62,"column":6},"end":{"line":64,"column":9}},"13":{"start":{"line":71,"column":26},"end":{"line":73,"column":6}},"14":{"start":{"line":75,"column":4},"end":{"line":82,"column":5}},"15":{"start":{"line":79,"column":6},"end":{"line":81,"column":9}},"16":{"start":{"line":88,"column":4},"end":{"line":88,"column":29}},"17":{"start":{"line":89,"column":4},"end":{"line":89,"column":23}},"18":{"start":{"line":91,"column":4},"end":{"line":91,"column":22}},"19":{"start":{"line":97,"column":18},"end":{"line":101,"column":6}},"20":{"start":{"line":107,"column":4},"end":{"line":117,"column":5}},"21":{"start":{"line":109,"column":6},"end":{"line":112,"column":9}},"22":{"start":{"line":116,"column":6},"end":{"line":116,"column":24}},"23":{"start":{"line":123,"column":4},"end":{"line":138,"column":5}},"24":{"start":{"line":126,"column":6},"end":{"line":133,"column":7}},"25":{"start":{"line":128,"column":24},"end":{"line":128,"column":45}},"26":{"start":{"line":130,"column":8},"end":{"line":132,"column":9}},"27":{"start":{"line":131,"column":10},"end":{"line":131,"column":33}},"28":{"start":{"line":136,"column":6},"end":{"line":137,"column":22}},"29":{"start":{"line":140,"column":4},"end":{"line":140,"column":25}},"30":{"start":{"line":146,"column":4},"end":{"line":172,"column":5}},"31":{"start":{"line":149,"column":6},"end":{"line":153,"column":9}},"32":{"start":{"line":157,"column":8},"end":{"line":159,"column":23}},"33":{"start":{"line":162,"column":6},"end":{"line":171,"column":7}},"34":{"start":{"line":164,"column":8},"end":{"line":170,"column":9}},"35":{"start":{"line":166,"column":10},"end":{"line":169,"column":13}},"36":{"start":{"line":174,"column":4},"end":{"line":176,"column":7}},"37":{"start":{"line":180,"column":4},"end":{"line":182,"column":7}}},"fnMap":{"0":{"name":"(anonymous_0)","decl":{"start":{"line":10,"column":26},"end":{"line":10,"column":27}},"loc":{"start":{"line":10,"column":46},"end":{"line":42,"column":1}},"line":10},"1":{"name":"(anonymous_1)","decl":{"start":{"line":49,"column":29},"end":{"line":49,"column":30}},"loc":{"start":{"line":49,"column":49},"end":{"line":184,"column":1}},"line":49}},"branchMap":{"0":{"loc":{"start":{"line":28,"column":4},"end":{"line":32,"column":5}},"type":"if","locations":[{"start":{"line":28,"column":4},"end":{"line":32,"column":5}},{"start":{},"end":{}}],"line":28},"1":{"loc":{"start":{"line":61,"column":4},"end":{"line":65,"column":5}},"type":"if","locations":[{"start":{"line":61,"column":4},"end":{"line":65,"column":5}},{"start":{},"end":{}}],"line":61},"2":{"loc":{"start":{"line":75,"column":4},"end":{"line":82,"column":5}},"type":"if","locations":[{"start":{"line":75,"column":4},"end":{"line":82,"column":5}},{"start":{},"end":{}}],"line":75},"3":{"loc":{"start":{"line":76,"column":6},"end":{"line":77,"column":34}},"type":"binary-expr","locations":[{"start":{"line":76,"column":6},"end":{"line":76,"column":19}},{"start":{"line":77,"column":6},"end":{"line":77,"column":34}}],"line":76},"4":{"loc":{"start":{"line":107,"column":4},"end":{"line":117,"column":5}},"type":"if","locations":[{"start":{"line":107,"column":4},"end":{"line":117,"column":5}},{"start":{"line":114,"column":11},"end":{"line":117,"column":5}}],"line":107},"5":{"loc":{"start":{"line":123,"column":4},"end":{"line":138,"column":5}},"type":"if","locations":[{"start":{"line":123,"column":4},"end":{"line":138,"column":5}},{"start":{},"end":{}}],"line":123},"6":{"loc":{"start":{"line":126,"column":6},"end":{"line":133,"column":7}},"type":"if","locations":[{"start":{"line":126,"column":6},"end":{"line":133,"column":7}},{"start":{},"end":{}}],"line":126},"7":{"loc":{"start":{"line":130,"column":8},"end":{"line":132,"column":9}},"type":"if","locations":[{"start":{"line":130,"column":8},"end":{"line":132,"column":9}},{"start":{},"end":{}}],"line":130},"8":{"loc":{"start":{"line":146,"column":4},"end":{"line":172,"column":5}},"type":"if","locations":[{"start":{"line":146,"column":4},"end":{"line":172,"column":5}},{"start":{},"end":{}}],"line":146},"9":{"loc":{"start":{"line":157,"column":8},"end":{"line":159,"column":23}},"type":"cond-expr","locations":[{"start":{"line":158,"column":12},"end":{"line":158,"column":35}},{"start":{"line":159,"column":12},"end":{"line":159,"column":23}}],"line":157},"10":{"loc":{"start":{"line":164,"column":8},"end":{"line":170,"column":9}},"type":"if","locations":[{"start":{"line":164,"column":8},"end":{"line":170,"column":9}},{"start":{},"end":{}}],"line":164}},"s":{"0":4,"1":0,"2":0,"3":0,"4":0,"5":0,"6":0,"7":4,"8":0,"9":0,"10":0,"11":0,"12":0,"13":0,"14":0,"15":0,"16":0,"17":0,"18":0,"19":0,"20":0,"21":0,"22":0,"23":0,"24":0,"25":0,"26":0,"27":0,"28":0,"29":0,"30":0,"31":0,"32":0,"33":0,"34":0,"35":0,"36":0,"37":0},"f":{"0":0,"1":0},"b":{"0":[0,0],"1":[0,0],"2":[0,0],"3":[0,0],"4":[0,0],"5":[0,0],"6":[0,0],"7":[0,0],"8":[0,0],"9":[0,0],"10":[0,0]},"_coverageSchema":"1a1c01bbd47fc00a2c39e90264f33305004495a9","hash":"091db3762657b2397feb5cabeebbbb4a36b3b62a"}
,"C:\\Users\\ACER\\Portfolio-app-testing-final\\backend\\controllers\\projectController.js": {"path":"C:\\Users\\ACER\\Portfolio-app-testing-final\\backend\\controllers\\projectController.js","statementMap":{"0":{"start":{"line":14,"column":26},"end":{"line":140,"column":1}},"1":{"start":{"line":20,"column":4},"end":{"line":20,"column":33}},"2":{"start":{"line":22,"column":2},"end":{"line":139,"column":3}},"3":{"start":{"line":29,"column":8},"end":{"line":29,"column":16}},"4":{"start":{"line":31,"column":4},"end":{"line":36,"column":5}},"5":{"start":{"line":32,"column":6},"end":{"line":35,"column":9}},"6":{"start":{"line":39,"column":6},"end":{"line":48,"column":7}},"7":{"start":{"line":54,"column":4},"end":{"line":72,"column":5}},"8":{"start":{"line":60,"column":8},"end":{"line":63,"column":11}},"9":{"start":{"line":60,"column":33},"end":{"line":63,"column":9}},"10":{"start":{"line":65,"column":6},"end":{"line":65,"column":26}},"11":{"start":{"line":66,"column":6},"end":{"line":71,"column":8}},"12":{"start":{"line":78,"column":4},"end":{"line":95,"column":5}},"13":{"start":{"line":81,"column":8},"end":{"line":81,"column":25}},"14":{"start":{"line":84,"column":8},"end":{"line":87,"column":11}},"15":{"start":{"line":84,"column":35},"end":{"line":87,"column":9}},"16":{"start":{"line":89,"column":6},"end":{"line":94,"column":8}},"17":{"start":{"line":101,"column":4},"end":{"line":122,"column":5}},"18":{"start":{"line":104,"column":8},"end":{"line":104,"column":26}},"19":{"start":{"line":107,"column":8},"end":{"line":114,"column":9}},"20":{"start":{"line":108,"column":24},"end":{"line":113,"column":11}},"21":{"start":{"line":116,"column":6},"end":{"line":121,"column":8}},"22":{"start":{"line":124,"column":4},"end":{"line":124,"column":31}},"23":{"start":{"line":126,"column":4},"end":{"line":129,"column":7}},"24":{"start":{"line":133,"column":4},"end":{"line":133,"column":33}},"25":{"start":{"line":135,"column":4},"end":{"line":137,"column":7}},"26":{"start":{"line":142,"column":27},"end":{"line":199,"column":1}},"27":{"start":{"line":146,"column":2},"end":{"line":198,"column":3}},"28":{"start":{"line":149,"column":6},"end":{"line":169,"column":8}},"29":{"start":{"line":172,"column":6},"end":{"line":186,"column":9}},"30":{"start":{"line":172,"column":33},"end":{"line":186,"column":7}},"31":{"start":{"line":188,"column":4},"end":{"line":190,"column":6}},"32":{"start":{"line":194,"column":4},"end":{"line":196,"column":7}},"33":{"start":{"line":201,"column":32},"end":{"line":294,"column":1}},"34":{"start":{"line":206,"column":2},"end":{"line":293,"column":3}},"35":{"start":{"line":209,"column":6},"end":{"line":241,"column":8}},"36":{"start":{"line":243,"column":4},"end":{"line":250,"column":5}},"37":{"start":{"line":245,"column":6},"end":{"line":248,"column":9}},"38":{"start":{"line":252,"column":4},"end":{"line":285,"column":7}},"39":{"start":{"line":264,"column":12},"end":{"line":268,"column":14}},"40":{"start":{"line":273,"column":20},"end":{"line":273,"column":28}},"41":{"start":{"line":278,"column":22},"end":{"line":283,"column":11}},"42":{"start":{"line":289,"column":4},"end":{"line":291,"column":7}},"43":{"start":{"line":296,"column":29},"end":{"line":414,"column":1}},"44":{"start":{"line":302,"column":4},"end":{"line":302,"column":33}},"45":{"start":{"line":304,"column":2},"end":{"line":413,"column":3}},"46":{"start":{"line":307,"column":6},"end":{"line":312,"column":8}},"47":{"start":{"line":314,"column":4},"end":{"line":322,"column":5}},"48":{"start":{"line":316,"column":6},"end":{"line":316,"column":35}},"49":{"start":{"line":318,"column":6},"end":{"line":320,"column":9}},"50":{"start":{"line":329,"column":6},"end":{"line":333,"column":8}},"51":{"start":{"line":339,"column":4},"end":{"line":355,"column":5}},"52":{"start":{"line":342,"column":8},"end":{"line":346,"column":9}},"53":{"start":{"line":348,"column":6},"end":{"line":354,"column":7}},"54":{"start":{"line":352,"column":8},"end":{"line":352,"column":33}},"55":{"start":{"line":361,"column":4},"end":{"line":366,"column":7}},"56":{"start":{"line":372,"column":4},"end":{"line":377,"column":7}},"57":{"start":{"line":383,"column":4},"end":{"line":388,"column":7}},"58":{"start":{"line":394,"column":4},"end":{"line":396,"column":7}},"59":{"start":{"line":398,"column":4},"end":{"line":398,"column":31}},"60":{"start":{"line":400,"column":4},"end":{"line":403,"column":7}},"61":{"start":{"line":407,"column":4},"end":{"line":407,"column":33}},"62":{"start":{"line":409,"column":4},"end":{"line":411,"column":7}},"63":{"start":{"line":416,"column":29},"end":{"line":637,"column":1}},"64":{"start":{"line":422,"column":4},"end":{"line":422,"column":33}},"65":{"start":{"line":424,"column":2},"end":{"line":636,"column":3}},"66":{"start":{"line":427,"column":6},"end":{"line":434,"column":8}},"67":{"start":{"line":436,"column":4},"end":{"line":445,"column":5}},"68":{"start":{"line":438,"column":6},"end":{"line":438,"column":35}},"69":{"start":{"line":440,"column":6},"end":{"line":443,"column":9}},"70":{"start":{"line":453,"column":8},"end":{"line":453,"column":16}},"71":{"start":{"line":459,"column":4},"end":{"line":467,"column":6}},"72":{"start":{"line":473,"column":4},"end":{"line":478,"column":7}},"73":{"start":{"line":480,"column":4},"end":{"line":501,"column":5}},"74":{"start":{"line":483,"column":8},"end":{"line":483,"column":25}},"75":{"start":{"line":485,"column":6},"end":{"line":499,"column":8}},"76":{"start":{"line":488,"column":21},"end":{"line":492,"column":11}},"77":{"start":{"line":507,"column":4},"end":{"line":512,"column":7}},"78":{"start":{"line":514,"column":4},"end":{"line":536,"column":5}},"79":{"start":{"line":517,"column":8},"end":{"line":517,"column":26}},"80":{"start":{"line":519,"column":6},"end":{"line":534,"column":8}},"81":{"start":{"line":522,"column":24},"end":{"line":527,"column":11}},"82":{"start":{"line":543,"column":6},"end":{"line":545,"column":12}},"83":{"start":{"line":548,"column":6},"end":{"line":554,"column":8}},"84":{"start":{"line":556,"column":4},"end":{"line":591,"column":5}},"85":{"start":{"line":559,"column":8},"end":{"line":561,"column":43}},"86":{"start":{"line":564,"column":8},"end":{"line":566,"column":9}},"87":{"start":{"line":568,"column":6},"end":{"line":589,"column":7}},"88":{"start":{"line":571,"column":10},"end":{"line":575,"column":11}},"89":{"start":{"line":577,"column":8},"end":{"line":583,"column":9}},"90":{"start":{"line":581,"column":10},"end":{"line":581,"column":35}},"91":{"start":{"line":585,"column":8},"end":{"line":587,"column":11}},"92":{"start":{"line":593,"column":4},"end":{"line":618,"column":5}},"93":{"start":{"line":598,"column":6},"end":{"line":616,"column":8}},"94":{"start":{"line":601,"column":21},"end":{"line":609,"column":11}},"95":{"start":{"line":620,"column":4},"end":{"line":620,"column":31}},"96":{"start":{"line":622,"column":4},"end":{"line":625,"column":7}},"97":{"start":{"line":629,"column":4},"end":{"line":629,"column":33}},"98":{"start":{"line":631,"column":4},"end":{"line":634,"column":7}}},"fnMap":{"0":{"name":"(anonymous_0)","decl":{"start":{"line":14,"column":26},"end":{"line":14,"column":27}},"loc":{"start":{"line":17,"column":5},"end":{"line":140,"column":1}},"line":17},"1":{"name":"(anonymous_1)","decl":{"start":{"line":60,"column":22},"end":{"line":60,"column":23}},"loc":{"start":{"line":60,"column":33},"end":{"line":63,"column":9}},"line":60},"2":{"name":"(anonymous_2)","decl":{"start":{"line":84,"column":24},"end":{"line":84,"column":25}},"loc":{"start":{"line":84,"column":35},"end":{"line":87,"column":9}},"line":84},"3":{"name":"(anonymous_3)","decl":{"start":{"line":108,"column":10},"end":{"line":108,"column":11}},"loc":{"start":{"line":108,"column":24},"end":{"line":113,"column":11}},"line":108},"4":{"name":"(anonymous_4)","decl":{"start":{"line":142,"column":27},"end":{"line":142,"column":28}},"loc":{"start":{"line":145,"column":5},"end":{"line":199,"column":1}},"line":145},"5":{"name":"(anonymous_5)","decl":{"start":{"line":172,"column":19},"end":{"line":172,"column":20}},"loc":{"start":{"line":172,"column":33},"end":{"line":186,"column":7}},"line":172},"6":{"name":"(anonymous_6)","decl":{"start":{"line":201,"column":32},"end":{"line":201,"column":33}},"loc":{"start":{"line":204,"column":5},"end":{"line":294,"column":1}},"line":204},"7":{"name":"(anonymous_7)","decl":{"start":{"line":263,"column":10},"end":{"line":263,"column":11}},"loc":{"start":{"line":264,"column":12},"end":{"line":268,"column":14}},"line":264},"8":{"name":"(anonymous_8)","decl":{"start":{"line":273,"column":10},"end":{"line":273,"column":11}},"loc":{"start":{"line":273,"column":20},"end":{"line":273,"column":28}},"line":273},"9":{"name":"(anonymous_9)","decl":{"start":{"line":278,"column":10},"end":{"line":278,"column":11}},"loc":{"start":{"line":278,"column":22},"end":{"line":283,"column":11}},"line":278},"10":{"name":"(anonymous_10)","decl":{"start":{"line":296,"column":29},"end":{"line":296,"column":30}},"loc":{"start":{"line":299,"column":5},"end":{"line":414,"column":1}},"line":299},"11":{"name":"(anonymous_11)","decl":{"start":{"line":416,"column":29},"end":{"line":416,"column":30}},"loc":{"start":{"line":419,"column":5},"end":{"line":637,"column":1}},"line":419},"12":{"name":"(anonymous_12)","decl":{"start":{"line":488,"column":10},"end":{"line":488,"column":11}},"loc":{"start":{"line":488,"column":21},"end":{"line":492,"column":11}},"line":488},"13":{"name":"(anonymous_13)","decl":{"start":{"line":522,"column":10},"end":{"line":522,"column":11}},"loc":{"start":{"line":522,"column":24},"end":{"line":527,"column":11}},"line":522},"14":{"name":"(anonymous_14)","decl":{"start":{"line":601,"column":10},"end":{"line":601,"column":11}},"loc":{"start":{"line":601,"column":21},"end":{"line":609,"column":11}},"line":601}},"branchMap":{"0":{"loc":{"start":{"line":31,"column":4},"end":{"line":36,"column":5}},"type":"if","locations":[{"start":{"line":31,"column":4},"end":{"line":36,"column":5}},{"start":{},"end":{}}],"line":31},"1":{"loc":{"start":{"line":54,"column":4},"end":{"line":72,"column":5}},"type":"if","locations":[{"start":{"line":54,"column":4},"end":{"line":72,"column":5}},{"start":{},"end":{}}],"line":54},"2":{"loc":{"start":{"line":55,"column":6},"end":{"line":56,"column":26}},"type":"binary-expr","locations":[{"start":{"line":55,"column":6},"end":{"line":55,"column":15}},{"start":{"line":56,"column":6},"end":{"line":56,"column":26}}],"line":55},"3":{"loc":{"start":{"line":78,"column":4},"end":{"line":95,"column":5}},"type":"if","locations":[{"start":{"line":78,"column":4},"end":{"line":95,"column":5}},{"start":{},"end":{}}],"line":78},"4":{"loc":{"start":{"line":101,"column":4},"end":{"line":122,"column":5}},"type":"if","locations":[{"start":{"line":101,"column":4},"end":{"line":122,"column":5}},{"start":{},"end":{}}],"line":101},"5":{"loc":{"start":{"line":179,"column":10},"end":{"line":185,"column":18}},"type":"cond-expr","locations":[{"start":{"line":180,"column":14},"end":{"line":184,"column":16}},{"start":{"line":185,"column":14},"end":{"line":185,"column":18}}],"line":179},"6":{"loc":{"start":{"line":243,"column":4},"end":{"line":250,"column":5}},"type":"if","locations":[{"start":{"line":243,"column":4},"end":{"line":250,"column":5}},{"start":{},"end":{}}],"line":243},"7":{"loc":{"start":{"line":314,"column":4},"end":{"line":322,"column":5}},"type":"if","locations":[{"start":{"line":314,"column":4},"end":{"line":322,"column":5}},{"start":{},"end":{}}],"line":314},"8":{"loc":{"start":{"line":348,"column":6},"end":{"line":354,"column":7}},"type":"if","locations":[{"start":{"line":348,"column":6},"end":{"line":354,"column":7}},{"start":{},"end":{}}],"line":348},"9":{"loc":{"start":{"line":436,"column":4},"end":{"line":445,"column":5}},"type":"if","locations":[{"start":{"line":436,"column":4},"end":{"line":445,"column":5}},{"start":{},"end":{}}],"line":436},"10":{"loc":{"start":{"line":480,"column":4},"end":{"line":501,"column":5}},"type":"if","locations":[{"start":{"line":480,"column":4},"end":{"line":501,"column":5}},{"start":{},"end":{}}],"line":480},"11":{"loc":{"start":{"line":514,"column":4},"end":{"line":536,"column":5}},"type":"if","locations":[{"start":{"line":514,"column":4},"end":{"line":536,"column":5}},{"start":{},"end":{}}],"line":514},"12":{"loc":{"start":{"line":543,"column":6},"end":{"line":545,"column":12}},"type":"cond-expr","locations":[{"start":{"line":544,"column":10},"end":{"line":544,"column":36}},{"start":{"line":545,"column":10},"end":{"line":545,"column":12}}],"line":543},"13":{"loc":{"start":{"line":568,"column":6},"end":{"line":589,"column":7}},"type":"if","locations":[{"start":{"line":568,"column":6},"end":{"line":589,"column":7}},{"start":{},"end":{}}],"line":568},"14":{"loc":{"start":{"line":577,"column":8},"end":{"line":583,"column":9}},"type":"if","locations":[{"start":{"line":577,"column":8},"end":{"line":583,"column":9}},{"start":{},"end":{}}],"line":577},"15":{"loc":{"start":{"line":593,"column":4},"end":{"line":618,"column":5}},"type":"if","locations":[{"start":{"line":593,"column":4},"end":{"line":618,"column":5}},{"start":{},"end":{}}],"line":593},"16":{"loc":{"start":{"line":594,"column":6},"end":{"line":595,"column":26}},"type":"binary-expr","locations":[{"start":{"line":594,"column":6},"end":{"line":594,"column":15}},{"start":{"line":595,"column":6},"end":{"line":595,"column":26}}],"line":594}},"s":{"0":4,"1":0,"2":0,"3":0,"4":0,"5":0,"6":0,"7":0,"8":0,"9":0,"10":0,"11":0,"12":0,"13":0,"14":0,"15":0,"16":0,"17":0,"18":0,"19":0,"20":0,"21":0,"22":0,"23":0,"24":0,"25":0,"26":4,"27":0,"28":0,"29":0,"30":0,"31":0,"32":0,"33":4,"34":0,"35":0,"36":0,"37":0,"38":0,"39":0,"40":0,"41":0,"42":0,"43":4,"44":0,"45":0,"46":0,"47":0,"48":0,"49":0,"50":0,"51":0,"52":0,"53":0,"54":0,"55":0,"56":0,"57":0,"58":0,"59":0,"60":0,"61":0,"62":0,"63":4,"64":0,"65":0,"66":0,"67":0,"68":0,"69":0,"70":0,"71":0,"72":0,"73":0,"74":0,"75":0,"76":0,"77":0,"78":0,"79":0,"80":0,"81":0,"82":0,"83":0,"84":0,"85":0,"86":0,"87":0,"88":0,"89":0,"90":0,"91":0,"92":0,"93":0,"94":0,"95":0,"96":0,"97":0,"98":0},"f":{"0":0,"1":0,"2":0,"3":0,"4":0,"5":0,"6":0,"7":0,"8":0,"9":0,"10":0,"11":0,"12":0,"13":0,"14":0},"b":{"0":[0,0],"1":[0,0],"2":[0,0],"3":[0,0],"4":[0,0],"5":[0,0],"6":[0,0],"7":[0,0],"8":[0,0],"9":[0,0],"10":[0,0],"11":[0,0],"12":[0,0],"13":[0,0],"14":[0,0],"15":[0,0],"16":[0,0]},"_coverageSchema":"1a1c01bbd47fc00a2c39e90264f33305004495a9","hash":"39f85a78110dcb2ba171f872b96636c39a90ba18"}
,"C:\\Users\\ACER\\Portfolio-app-testing-final\\backend\\controllers\\skillsController.js": {"path":"C:\\Users\\ACER\\Portfolio-app-testing-final\\backend\\controllers\\skillsController.js","statementMap":{"0":{"start":{"line":10,"column":25},"end":{"line":30,"column":1}},"1":{"start":{"line":12,"column":2},"end":{"line":29,"column":3}},"2":{"start":{"line":14,"column":19},"end":{"line":19,"column":6}},"3":{"start":{"line":21,"column":4},"end":{"line":21,"column":33}},"4":{"start":{"line":25,"column":4},"end":{"line":27,"column":7}},"5":{"start":{"line":37,"column":24},"end":{"line":82,"column":1}},"6":{"start":{"line":39,"column":2},"end":{"line":81,"column":3}},"7":{"start":{"line":41,"column":31},"end":{"line":41,"column":39}},"8":{"start":{"line":43,"column":4},"end":{"line":47,"column":5}},"9":{"start":{"line":44,"column":6},"end":{"line":46,"column":9}},"10":{"start":{"line":49,"column":4},"end":{"line":53,"column":5}},"11":{"start":{"line":50,"column":6},"end":{"line":52,"column":9}},"12":{"start":{"line":55,"column":18},"end":{"line":65,"column":6}},"13":{"start":{"line":67,"column":4},"end":{"line":73,"column":7}},"14":{"start":{"line":77,"column":4},"end":{"line":79,"column":7}},"15":{"start":{"line":89,"column":27},"end":{"line":148,"column":1}},"16":{"start":{"line":91,"column":2},"end":{"line":147,"column":3}},"17":{"start":{"line":93,"column":18},"end":{"line":95,"column":5}},"18":{"start":{"line":97,"column":4},"end":{"line":101,"column":5}},"19":{"start":{"line":98,"column":6},"end":{"line":100,"column":9}},"20":{"start":{"line":103,"column":4},"end":{"line":107,"column":5}},"21":{"start":{"line":104,"column":6},"end":{"line":106,"column":9}},"22":{"start":{"line":109,"column":31},"end":{"line":109,"column":39}},"23":{"start":{"line":111,"column":4},"end":{"line":112,"column":25}},"24":{"start":{"line":114,"column":4},"end":{"line":115,"column":33}},"25":{"start":{"line":121,"column":4},"end":{"line":132,"column":5}},"26":{"start":{"line":123,"column":6},"end":{"line":128,"column":7}},"27":{"start":{"line":127,"column":8},"end":{"line":127,"column":34}},"28":{"start":{"line":130,"column":6},"end":{"line":131,"column":22}},"29":{"start":{"line":134,"column":4},"end":{"line":134,"column":23}},"30":{"start":{"line":136,"column":4},"end":{"line":139,"column":7}},"31":{"start":{"line":143,"column":4},"end":{"line":145,"column":7}},"32":{"start":{"line":155,"column":27},"end":{"line":195,"column":1}},"33":{"start":{"line":157,"column":2},"end":{"line":194,"column":3}},"34":{"start":{"line":159,"column":18},"end":{"line":161,"column":5}},"35":{"start":{"line":163,"column":4},"end":{"line":167,"column":5}},"36":{"start":{"line":164,"column":6},"end":{"line":166,"column":9}},"37":{"start":{"line":169,"column":4},"end":{"line":173,"column":5}},"38":{"start":{"line":170,"column":6},"end":{"line":172,"column":9}},"39":{"start":{"line":175,"column":4},"end":{"line":180,"column":5}},"40":{"start":{"line":179,"column":6},"end":{"line":179,"column":32}},"41":{"start":{"line":182,"column":4},"end":{"line":182,"column":26}},"42":{"start":{"line":184,"column":4},"end":{"line":186,"column":7}},"43":{"start":{"line":190,"column":4},"end":{"line":192,"column":7}}},"fnMap":{"0":{"name":"(anonymous_0)","decl":{"start":{"line":10,"column":25},"end":{"line":10,"column":26}},"loc":{"start":{"line":10,"column":45},"end":{"line":30,"column":1}},"line":10},"1":{"name":"(anonymous_1)","decl":{"start":{"line":37,"column":24},"end":{"line":37,"column":25}},"loc":{"start":{"line":37,"column":44},"end":{"line":82,"column":1}},"line":37},"2":{"name":"(anonymous_2)","decl":{"start":{"line":89,"column":27},"end":{"line":89,"column":28}},"loc":{"start":{"line":89,"column":47},"end":{"line":148,"column":1}},"line":89},"3":{"name":"(anonymous_3)","decl":{"start":{"line":155,"column":27},"end":{"line":155,"column":28}},"loc":{"start":{"line":155,"column":47},"end":{"line":195,"column":1}},"line":155}},"branchMap":{"0":{"loc":{"start":{"line":43,"column":4},"end":{"line":47,"column":5}},"type":"if","locations":[{"start":{"line":43,"column":4},"end":{"line":47,"column":5}},{"start":{},"end":{}}],"line":43},"1":{"loc":{"start":{"line":43,"column":8},"end":{"line":43,"column":26}},"type":"binary-expr","locations":[{"start":{"line":43,"column":8},"end":{"line":43,"column":13}},{"start":{"line":43,"column":17},"end":{"line":43,"column":26}}],"line":43},"2":{"loc":{"start":{"line":49,"column":4},"end":{"line":53,"column":5}},"type":"if","locations":[{"start":{"line":49,"column":4},"end":{"line":53,"column":5}},{"start":{},"end":{}}],"line":49},"3":{"loc":{"start":{"line":97,"column":4},"end":{"line":101,"column":5}},"type":"if","locations":[{"start":{"line":97,"column":4},"end":{"line":101,"column":5}},{"start":{},"end":{}}],"line":97},"4":{"loc":{"start":{"line":103,"column":4},"end":{"line":107,"column":5}},"type":"if","locations":[{"start":{"line":103,"column":4},"end":{"line":107,"column":5}},{"start":{},"end":{}}],"line":103},"5":{"loc":{"start":{"line":112,"column":6},"end":{"line":112,"column":24}},"type":"binary-expr","locations":[{"start":{"line":112,"column":6},"end":{"line":112,"column":10}},{"start":{"line":112,"column":14},"end":{"line":112,"column":24}}],"line":112},"6":{"loc":{"start":{"line":115,"column":6},"end":{"line":115,"column":32}},"type":"binary-expr","locations":[{"start":{"line":115,"column":6},"end":{"line":115,"column":14}},{"start":{"line":115,"column":18},"end":{"line":115,"column":32}}],"line":115},"7":{"loc":{"start":{"line":121,"column":4},"end":{"line":132,"column":5}},"type":"if","locations":[{"start":{"line":121,"column":4},"end":{"line":132,"column":5}},{"start":{},"end":{}}],"line":121},"8":{"loc":{"start":{"line":123,"column":6},"end":{"line":128,"column":7}},"type":"if","locations":[{"start":{"line":123,"column":6},"end":{"line":128,"column":7}},{"start":{},"end":{}}],"line":123},"9":{"loc":{"start":{"line":124,"column":8},"end":{"line":125,"column":33}},"type":"binary-expr","locations":[{"start":{"line":124,"column":8},"end":{"line":124,"column":18}},{"start":{"line":125,"column":8},"end":{"line":125,"column":33}}],"line":124},"10":{"loc":{"start":{"line":163,"column":4},"end":{"line":167,"column":5}},"type":"if","locations":[{"start":{"line":163,"column":4},"end":{"line":167,"column":5}},{"start":{},"end":{}}],"line":163},"11":{"loc":{"start":{"line":169,"column":4},"end":{"line":173,"column":5}},"type":"if","locations":[{"start":{"line":169,"column":4},"end":{"line":173,"column":5}},{"start":{},"end":{}}],"line":169},"12":{"loc":{"start":{"line":175,"column":4},"end":{"line":180,"column":5}},"type":"if","locations":[{"start":{"line":175,"column":4},"end":{"line":180,"column":5}},{"start":{},"end":{}}],"line":175},"13":{"loc":{"start":{"line":176,"column":6},"end":{"line":177,"column":31}},"type":"binary-expr","locations":[{"start":{"line":176,"column":6},"end":{"line":176,"column":16}},{"start":{"line":177,"column":6},"end":{"line":177,"column":31}}],"line":176}},"s":{"0":4,"1":1,"2":1,"3":1,"4":0,"5":4,"6":0,"7":0,"8":0,"9":0,"10":0,"11":0,"12":0,"13":0,"14":0,"15":4,"16":0,"17":0,"18":0,"19":0,"20":0,"21":0,"22":0,"23":0,"24":0,"25":0,"26":0,"27":0,"28":0,"29":0,"30":0,"31":0,"32":4,"33":0,"34":0,"35":0,"36":0,"37":0,"38":0,"39":0,"40":0,"41":0,"42":0,"43":0},"f":{"0":1,"1":0,"2":0,"3":0},"b":{"0":[0,0],"1":[0,0],"2":[0,0],"3":[0,0],"4":[0,0],"5":[0,0],"6":[0,0],"7":[0,0],"8":[0,0],"9":[0,0],"10":[0,0],"11":[0,0],"12":[0,0],"13":[0,0]},"_coverageSchema":"1a1c01bbd47fc00a2c39e90264f33305004495a9","hash":"8e3b2983af5703a611263d33d72579cebbe54277"}
,"C:\\Users\\ACER\\Portfolio-app-testing-final\\backend\\controllers\\usersController.js": {"path":"C:\\Users\\ACER\\Portfolio-app-testing-final\\backend\\controllers\\usersController.js","statementMap":{"0":{"start":{"line":5,"column":24},"end":{"line":16,"column":1}},"1":{"start":{"line":6,"column":2},"end":{"line":15,"column":3}},"2":{"start":{"line":7,"column":18},"end":{"line":7,"column":38}},"3":{"start":{"line":9,"column":4},"end":{"line":9,"column":32}},"4":{"start":{"line":12,"column":4},"end":{"line":14,"column":7}},"5":{"start":{"line":20,"column":26},"end":{"line":38,"column":1}},"6":{"start":{"line":21,"column":2},"end":{"line":37,"column":3}},"7":{"start":{"line":23,"column":19},"end":{"line":23,"column":29}},"8":{"start":{"line":25,"column":4},"end":{"line":27,"column":7}},"9":{"start":{"line":29,"column":4},"end":{"line":31,"column":7}},"10":{"start":{"line":34,"column":4},"end":{"line":36,"column":7}},"11":{"start":{"line":41,"column":26},"end":{"line":67,"column":1}},"12":{"start":{"line":42,"column":2},"end":{"line":66,"column":3}},"13":{"start":{"line":44,"column":19},"end":{"line":44,"column":29}},"14":{"start":{"line":46,"column":32},"end":{"line":46,"column":40}},"15":{"start":{"line":48,"column":4},"end":{"line":56,"column":6}},"16":{"start":{"line":58,"column":4},"end":{"line":60,"column":7}},"17":{"start":{"line":63,"column":4},"end":{"line":65,"column":7}}},"fnMap":{"0":{"name":"(anonymous_0)","decl":{"start":{"line":5,"column":24},"end":{"line":5,"column":25}},"loc":{"start":{"line":5,"column":44},"end":{"line":16,"column":1}},"line":5},"1":{"name":"(anonymous_1)","decl":{"start":{"line":20,"column":26},"end":{"line":20,"column":27}},"loc":{"start":{"line":20,"column":46},"end":{"line":38,"column":1}},"line":20},"2":{"name":"(anonymous_2)","decl":{"start":{"line":41,"column":26},"end":{"line":41,"column":27}},"loc":{"start":{"line":41,"column":46},"end":{"line":67,"column":1}},"line":41}},"branchMap":{},"s":{"0":4,"1":0,"2":0,"3":0,"4":0,"5":4,"6":0,"7":0,"8":0,"9":0,"10":0,"11":4,"12":0,"13":0,"14":0,"15":0,"16":0,"17":0},"f":{"0":0,"1":0,"2":0},"b":{},"_coverageSchema":"1a1c01bbd47fc00a2c39e90264f33305004495a9","hash":"f595c09d98e572a9b6364b9978a56e9d42275a90"}
,"C:\\Users\\ACER\\Portfolio-app-testing-final\\backend\\middleware\\authMiddleware.js": {"path":"C:\\Users\\ACER\\Portfolio-app-testing-final\\backend\\middleware\\authMiddleware.js","statementMap":{"0":{"start":{"line":3,"column":20},"end":{"line":30,"column":1}},"1":{"start":{"line":4,"column":21},"end":{"line":4,"column":46}},"2":{"start":{"line":7,"column":2},"end":{"line":11,"column":3}},"3":{"start":{"line":8,"column":4},"end":{"line":10,"column":7}},"4":{"start":{"line":14,"column":16},"end":{"line":14,"column":40}},"5":{"start":{"line":16,"column":2},"end":{"line":29,"column":3}},"6":{"start":{"line":18,"column":21},"end":{"line":18,"column":62}},"7":{"start":{"line":21,"column":4},"end":{"line":21,"column":24}},"8":{"start":{"line":23,"column":4},"end":{"line":23,"column":11}},"9":{"start":{"line":26,"column":4},"end":{"line":28,"column":7}}},"fnMap":{"0":{"name":"(anonymous_0)","decl":{"start":{"line":3,"column":20},"end":{"line":3,"column":21}},"loc":{"start":{"line":3,"column":40},"end":{"line":30,"column":1}},"line":3}},"branchMap":{"0":{"loc":{"start":{"line":7,"column":2},"end":{"line":11,"column":3}},"type":"if","locations":[{"start":{"line":7,"column":2},"end":{"line":11,"column":3}},{"start":{},"end":{}}],"line":7}},"s":{"0":4,"1":1,"2":1,"3":0,"4":1,"5":1,"6":1,"7":1,"8":1,"9":0},"f":{"0":1},"b":{"0":[0,1]},"_coverageSchema":"1a1c01bbd47fc00a2c39e90264f33305004495a9","hash":"e0bbe34a9cc03d6dae31e9d39ecebf2ad6197cba"}
,"C:\\Users\\ACER\\Portfolio-app-testing-final\\backend\\middleware\\uploadCertificates.js": {"path":"C:\\Users\\ACER\\Portfolio-app-testing-final\\backend\\middleware\\uploadCertificates.js","statementMap":{"0":{"start":{"line":3,"column":16},"end":{"line":16,"column":2}},"1":{"start":{"line":6,"column":4},"end":{"line":6,"column":37}},"2":{"start":{"line":12,"column":6},"end":{"line":12,"column":42}},"3":{"start":{"line":14,"column":4},"end":{"line":14,"column":25}},"4":{"start":{"line":18,"column":27},"end":{"line":20,"column":2}}},"fnMap":{"0":{"name":"(anonymous_0)","decl":{"start":{"line":5,"column":15},"end":{"line":5,"column":16}},"loc":{"start":{"line":5,"column":34},"end":{"line":7,"column":3}},"line":5},"1":{"name":"(anonymous_1)","decl":{"start":{"line":9,"column":12},"end":{"line":9,"column":13}},"loc":{"start":{"line":9,"column":31},"end":{"line":15,"column":3}},"line":9}},"branchMap":{},"s":{"0":4,"1":0,"2":0,"3":0,"4":4},"f":{"0":0,"1":0},"b":{},"_coverageSchema":"1a1c01bbd47fc00a2c39e90264f33305004495a9","hash":"dcdc4514057bb21f038801161202718d53463624"}
,"C:\\Users\\ACER\\Portfolio-app-testing-final\\backend\\middleware\\uploadProfile.js": {"path":"C:\\Users\\ACER\\Portfolio-app-testing-final\\backend\\middleware\\uploadProfile.js","statementMap":{"0":{"start":{"line":3,"column":16},"end":{"line":16,"column":2}},"1":{"start":{"line":6,"column":4},"end":{"line":6,"column":32}},"2":{"start":{"line":12,"column":6},"end":{"line":12,"column":42}},"3":{"start":{"line":14,"column":4},"end":{"line":14,"column":25}},"4":{"start":{"line":18,"column":22},"end":{"line":20,"column":2}}},"fnMap":{"0":{"name":"(anonymous_0)","decl":{"start":{"line":5,"column":15},"end":{"line":5,"column":16}},"loc":{"start":{"line":5,"column":34},"end":{"line":7,"column":3}},"line":5},"1":{"name":"(anonymous_1)","decl":{"start":{"line":9,"column":12},"end":{"line":9,"column":13}},"loc":{"start":{"line":9,"column":31},"end":{"line":15,"column":3}},"line":9}},"branchMap":{},"s":{"0":4,"1":0,"2":0,"3":0,"4":4},"f":{"0":0,"1":0},"b":{},"_coverageSchema":"1a1c01bbd47fc00a2c39e90264f33305004495a9","hash":"02f775cc8a133450ba1a7698728a56ec62dd2b4c"}
,"C:\\Users\\ACER\\Portfolio-app-testing-final\\backend\\middleware\\uploadProjects.js": {"path":"C:\\Users\\ACER\\Portfolio-app-testing-final\\backend\\middleware\\uploadProjects.js","statementMap":{"0":{"start":{"line":5,"column":19},"end":{"line":5,"column":37}},"1":{"start":{"line":7,"column":0},"end":{"line":11,"column":1}},"2":{"start":{"line":8,"column":2},"end":{"line":10,"column":5}},"3":{"start":{"line":13,"column":16},"end":{"line":34,"column":2}},"4":{"start":{"line":16,"column":4},"end":{"line":16,"column":25}},"5":{"start":{"line":22,"column":12},"end":{"line":22,"column":46}},"6":{"start":{"line":25,"column":12},"end":{"line":27,"column":43}},"7":{"start":{"line":29,"column":8},"end":{"line":32,"column":10}},"8":{"start":{"line":36,"column":22},"end":{"line":43,"column":2}}},"fnMap":{"0":{"name":"(anonymous_0)","decl":{"start":{"line":15,"column":15},"end":{"line":15,"column":16}},"loc":{"start":{"line":15,"column":34},"end":{"line":17,"column":3}},"line":15},"1":{"name":"(anonymous_1)","decl":{"start":{"line":19,"column":14},"end":{"line":19,"column":15}},"loc":{"start":{"line":19,"column":33},"end":{"line":33,"column":5}},"line":19}},"branchMap":{"0":{"loc":{"start":{"line":7,"column":0},"end":{"line":11,"column":1}},"type":"if","locations":[{"start":{"line":7,"column":0},"end":{"line":11,"column":1}},{"start":{},"end":{}}],"line":7}},"s":{"0":4,"1":4,"2":0,"3":4,"4":0,"5":0,"6":0,"7":0,"8":4},"f":{"0":0,"1":0},"b":{"0":[0,4]},"_coverageSchema":"1a1c01bbd47fc00a2c39e90264f33305004495a9","hash":"a2aaef4711995acfeb5339c0c96e71d10e997689"}
,"C:\\Users\\ACER\\Portfolio-app-testing-final\\backend\\middleware\\uploadSkills.js": {"path":"C:\\Users\\ACER\\Portfolio-app-testing-final\\backend\\middleware\\uploadSkills.js","statementMap":{"0":{"start":{"line":5,"column":16},"end":{"line":34,"column":2}},"1":{"start":{"line":9,"column":23},"end":{"line":13,"column":5}},"2":{"start":{"line":15,"column":4},"end":{"line":20,"column":5}},"3":{"start":{"line":17,"column":6},"end":{"line":19,"column":9}},"4":{"start":{"line":22,"column":4},"end":{"line":22,"column":25}},"5":{"start":{"line":28,"column":6},"end":{"line":30,"column":23}},"6":{"start":{"line":32,"column":4},"end":{"line":32,"column":25}},"7":{"start":{"line":36,"column":20},"end":{"line":38,"column":2}}},"fnMap":{"0":{"name":"(anonymous_0)","decl":{"start":{"line":7,"column":15},"end":{"line":7,"column":16}},"loc":{"start":{"line":7,"column":34},"end":{"line":23,"column":3}},"line":7},"1":{"name":"(anonymous_1)","decl":{"start":{"line":25,"column":12},"end":{"line":25,"column":13}},"loc":{"start":{"line":25,"column":31},"end":{"line":33,"column":3}},"line":25}},"branchMap":{"0":{"loc":{"start":{"line":15,"column":4},"end":{"line":20,"column":5}},"type":"if","locations":[{"start":{"line":15,"column":4},"end":{"line":20,"column":5}},{"start":{},"end":{}}],"line":15}},"s":{"0":4,"1":0,"2":0,"3":0,"4":0,"5":0,"6":0,"7":4},"f":{"0":0,"1":0},"b":{"0":[0,0]},"_coverageSchema":"1a1c01bbd47fc00a2c39e90264f33305004495a9","hash":"81f500e72a6e31a5294d3e4eaeef6e9db87cf981"}
,"C:\\Users\\ACER\\Portfolio-app-testing-final\\backend\\models\\Project.js": {"path":"C:\\Users\\ACER\\Portfolio-app-testing-final\\backend\\models\\Project.js","statementMap":{"0":{"start":{"line":4,"column":16},"end":{"line":32,"column":1}}},"fnMap":{},"branchMap":{},"s":{"0":4},"f":{},"b":{},"_coverageSchema":"1a1c01bbd47fc00a2c39e90264f33305004495a9","hash":"f30bfc4b315da8a64ab264ef475a707a9719ad81"}
,"C:\\Users\\ACER\\Portfolio-app-testing-final\\backend\\models\\ProjectImage.js": {"path":"C:\\Users\\ACER\\Portfolio-app-testing-final\\backend\\models\\ProjectImage.js","statementMap":{"0":{"start":{"line":4,"column":21},"end":{"line":27,"column":1}}},"fnMap":{},"branchMap":{},"s":{"0":4},"f":{},"b":{},"_coverageSchema":"1a1c01bbd47fc00a2c39e90264f33305004495a9","hash":"4b1799b6022046d8309646e9f125d489b6b2563f"}
,"C:\\Users\\ACER\\Portfolio-app-testing-final\\backend\\models\\ProjectLink.js": {"path":"C:\\Users\\ACER\\Portfolio-app-testing-final\\backend\\models\\ProjectLink.js","statementMap":{"0":{"start":{"line":4,"column":20},"end":{"line":27,"column":1}}},"fnMap":{},"branchMap":{},"s":{"0":4},"f":{},"b":{},"_coverageSchema":"1a1c01bbd47fc00a2c39e90264f33305004495a9","hash":"b6339c8bc5973ac674bc4968c02c3111344af7b5"}
,"C:\\Users\\ACER\\Portfolio-app-testing-final\\backend\\models\\ProjectSkill.js": {"path":"C:\\Users\\ACER\\Portfolio-app-testing-final\\backend\\models\\ProjectSkill.js","statementMap":{"0":{"start":{"line":4,"column":21},"end":{"line":27,"column":1}}},"fnMap":{},"branchMap":{},"s":{"0":4},"f":{},"b":{},"_coverageSchema":"1a1c01bbd47fc00a2c39e90264f33305004495a9","hash":"5cb535f8f78b6d51a5a05f356609de1c139e3985"}
,"C:\\Users\\ACER\\Portfolio-app-testing-final\\backend\\models\\Skills.js": {"path":"C:\\Users\\ACER\\Portfolio-app-testing-final\\backend\\models\\Skills.js","statementMap":{"0":{"start":{"line":4,"column":14},"end":{"line":37,"column":1}}},"fnMap":{},"branchMap":{},"s":{"0":4},"f":{},"b":{},"_coverageSchema":"1a1c01bbd47fc00a2c39e90264f33305004495a9","hash":"77b7caa8dbafafe058c836e42aed06ebfd44c1d7"}
,"C:\\Users\\ACER\\Portfolio-app-testing-final\\backend\\models\\SocialLink.js": {"path":"C:\\Users\\ACER\\Portfolio-app-testing-final\\backend\\models\\SocialLink.js","statementMap":{"0":{"start":{"line":4,"column":19},"end":{"line":15,"column":1}}},"fnMap":{},"branchMap":{},"s":{"0":4},"f":{},"b":{},"_coverageSchema":"1a1c01bbd47fc00a2c39e90264f33305004495a9","hash":"9daf573ff74d07e40b6358a3e9b6c49772193275"}
,"C:\\Users\\ACER\\Portfolio-app-testing-final\\backend\\models\\User.js": {"path":"C:\\Users\\ACER\\Portfolio-app-testing-final\\backend\\models\\User.js","statementMap":{"0":{"start":{"line":5,"column":13},"end":{"line":15,"column":2}}},"fnMap":{},"branchMap":{},"s":{"0":4},"f":{},"b":{},"_coverageSchema":"1a1c01bbd47fc00a2c39e90264f33305004495a9","hash":"5d7b294b790b664cbbe874fbe1d95fbeed827c60"}
,"C:\\Users\\ACER\\Portfolio-app-testing-final\\backend\\models\\certificates.js": {"path":"C:\\Users\\ACER\\Portfolio-app-testing-final\\backend\\models\\certificates.js","statementMap":{"0":{"start":{"line":4,"column":20},"end":{"line":26,"column":1}}},"fnMap":{},"branchMap":{},"s":{"0":4},"f":{},"b":{},"_coverageSchema":"1a1c01bbd47fc00a2c39e90264f33305004495a9","hash":"2346f7fe3536f3f03b419390c3e1eb2653ec9c89"}
,"C:\\Users\\ACER\\Portfolio-app-testing-final\\backend\\models\\index.js": {"path":"C:\\Users\\ACER\\Portfolio-app-testing-final\\backend\\models\\index.js","statementMap":{"0":{"start":{"line":13,"column":0},"end":{"line":16,"column":3}},"1":{"start":{"line":18,"column":0},"end":{"line":20,"column":3}},"2":{"start":{"line":22,"column":0},"end":{"line":25,"column":3}},"3":{"start":{"line":27,"column":0},"end":{"line":29,"column":3}},"4":{"start":{"line":31,"column":0},"end":{"line":33,"column":3}},"5":{"start":{"line":35,"column":0},"end":{"line":37,"column":3}},"6":{"start":{"line":39,"column":0},"end":{"line":41,"column":3}},"7":{"start":{"line":43,"column":0},"end":{"line":45,"column":3}},"8":{"start":{"line":47,"column":0},"end":{"line":49,"column":3}},"9":{"start":{"line":51,"column":0},"end":{"line":53,"column":3}},"10":{"start":{"line":55,"column":0},"end":{"line":59,"column":3}},"11":{"start":{"line":61,"column":0},"end":{"line":63,"column":3}},"12":{"start":{"line":65,"column":0},"end":{"line":68,"column":3}},"13":{"start":{"line":70,"column":0},"end":{"line":72,"column":3}},"14":{"start":{"line":74,"column":0},"end":{"line":77,"column":3}},"15":{"start":{"line":79,"column":0},"end":{"line":82,"column":3}}},"fnMap":{},"branchMap":{},"s":{"0":4,"1":4,"2":4,"3":4,"4":4,"5":4,"6":4,"7":4,"8":4,"9":4,"10":4,"11":4,"12":4,"13":4,"14":4,"15":4},"f":{},"b":{},"_coverageSchema":"1a1c01bbd47fc00a2c39e90264f33305004495a9","hash":"9444acc58cbda921414fbc953c842779f06262b5"}
,"C:\\Users\\ACER\\Portfolio-app-testing-final\\backend\\models\\profile.js": {"path":"C:\\Users\\ACER\\Portfolio-app-testing-final\\backend\\models\\profile.js","statementMap":{"0":{"start":{"line":4,"column":16},"end":{"line":14,"column":2}}},"fnMap":{},"branchMap":{},"s":{"0":4},"f":{},"b":{},"_coverageSchema":"1a1c01bbd47fc00a2c39e90264f33305004495a9","hash":"9164aa1023b41ecaa663af36a69400d1a932a336"}
,"C:\\Users\\ACER\\Portfolio-app-testing-final\\backend\\routes\\authRoutes.js": {"path":"C:\\Users\\ACER\\Portfolio-app-testing-final\\backend\\routes\\authRoutes.js","statementMap":{"0":{"start":{"line":9,"column":15},"end":{"line":9,"column":31}},"1":{"start":{"line":11,"column":0},"end":{"line":24,"column":2}},"2":{"start":{"line":26,"column":0},"end":{"line":26,"column":29}}},"fnMap":{},"branchMap":{},"s":{"0":4,"1":4,"2":4},"f":{},"b":{},"_coverageSchema":"1a1c01bbd47fc00a2c39e90264f33305004495a9","hash":"17ce557cdca71b98f27a9ba1b90a4ad24a0ae2cc"}
,"C:\\Users\\ACER\\Portfolio-app-testing-final\\backend\\routes\\certificatesRoutes.js": {"path":"C:\\Users\\ACER\\Portfolio-app-testing-final\\backend\\routes\\certificatesRoutes.js","statementMap":{"0":{"start":{"line":13,"column":15},"end":{"line":13,"column":31}},"1":{"start":{"line":17,"column":0},"end":{"line":17,"column":48}},"2":{"start":{"line":20,"column":0},"end":{"line":20,"column":83}},"3":{"start":{"line":23,"column":0},"end":{"line":23,"column":56}}},"fnMap":{},"branchMap":{},"s":{"0":4,"1":4,"2":4,"3":4},"f":{},"b":{},"_coverageSchema":"1a1c01bbd47fc00a2c39e90264f33305004495a9","hash":"d7a79b739f7639c7699ed3246a6561107837c1c0"}
,"C:\\Users\\ACER\\Portfolio-app-testing-final\\backend\\routes\\profileRoutes.js": {"path":"C:\\Users\\ACER\\Portfolio-app-testing-final\\backend\\routes\\profileRoutes.js","statementMap":{"0":{"start":{"line":12,"column":15},"end":{"line":12,"column":31}},"1":{"start":{"line":16,"column":0},"end":{"line":20,"column":2}},"2":{"start":{"line":24,"column":0},"end":{"line":29,"column":2}}},"fnMap":{},"branchMap":{},"s":{"0":4,"1":4,"2":4},"f":{},"b":{},"_coverageSchema":"1a1c01bbd47fc00a2c39e90264f33305004495a9","hash":"8a427127822e69570c06569bdec6d2e1e46964c9"}
,"C:\\Users\\ACER\\Portfolio-app-testing-final\\backend\\routes\\projectRoutes.js": {"path":"C:\\Users\\ACER\\Portfolio-app-testing-final\\backend\\routes\\projectRoutes.js","statementMap":{"0":{"start":{"line":15,"column":15},"end":{"line":15,"column":31}},"1":{"start":{"line":17,"column":0},"end":{"line":21,"column":2}},"2":{"start":{"line":23,"column":0},"end":{"line":27,"column":2}},"3":{"start":{"line":29,"column":0},"end":{"line":37,"column":2}},"4":{"start":{"line":39,"column":0},"end":{"line":43,"column":2}},"5":{"start":{"line":45,"column":0},"end":{"line":53,"column":2}}},"fnMap":{},"branchMap":{},"s":{"0":4,"1":4,"2":4,"3":4,"4":4,"5":4},"f":{},"b":{},"_coverageSchema":"1a1c01bbd47fc00a2c39e90264f33305004495a9","hash":"84b71153a88993186b71f95598f4de656961b9dc"}
,"C:\\Users\\ACER\\Portfolio-app-testing-final\\backend\\routes\\skillsRoutes.js": {"path":"C:\\Users\\ACER\\Portfolio-app-testing-final\\backend\\routes\\skillsRoutes.js","statementMap":{"0":{"start":{"line":19,"column":15},"end":{"line":19,"column":31}},"1":{"start":{"line":23,"column":0},"end":{"line":27,"column":2}},"2":{"start":{"line":31,"column":0},"end":{"line":36,"column":2}},"3":{"start":{"line":40,"column":0},"end":{"line":45,"column":2}},"4":{"start":{"line":49,"column":0},"end":{"line":53,"column":2}}},"fnMap":{},"branchMap":{},"s":{"0":4,"1":4,"2":4,"3":4,"4":4},"f":{},"b":{},"_coverageSchema":"1a1c01bbd47fc00a2c39e90264f33305004495a9","hash":"3e79a02753f1e3d2e4511edd74d337bacf420487"}
,"C:\\Users\\ACER\\Portfolio-app-testing-final\\backend\\routes\\userRoutes.js": {"path":"C:\\Users\\ACER\\Portfolio-app-testing-final\\backend\\routes\\userRoutes.js","statementMap":{"0":{"start":{"line":11,"column":15},"end":{"line":11,"column":31}},"1":{"start":{"line":21,"column":0},"end":{"line":21,"column":39}},"2":{"start":{"line":24,"column":0},"end":{"line":24,"column":44}},"3":{"start":{"line":27,"column":0},"end":{"line":27,"column":47}}},"fnMap":{},"branchMap":{},"s":{"0":4,"1":4,"2":4,"3":4},"f":{},"b":{},"_coverageSchema":"1a1c01bbd47fc00a2c39e90264f33305004495a9","hash":"232c503eea804263d144a438560a3cb95db6dd4a"}
}
