TN:
SF:App.js
FN:53,(anonymous_0)
FN:58,(anonymous_1)
FN:59,(anonymous_2)
FN:62,(anonymous_3)
FN:63,(anonymous_4)
FN:68,(anonymous_5)
FNF:6
FNH:2
FNDA:0,(anonymous_0)
FNDA:2,(anonymous_1)
FNDA:0,(anonymous_2)
FNDA:2,(anonymous_3)
FNDA:0,(anonymous_4)
FNDA:0,(anonymous_5)
DA:2,4
DA:20,4
DA:23,4
DA:26,4
DA:37,4
DA:38,0
DA:41,4
DA:42,4
DA:44,4
DA:45,4
DA:46,4
DA:47,4
DA:48,4
DA:49,4
DA:51,4
DA:53,4
DA:54,0
DA:57,4
DA:58,2
DA:59,0
DA:61,4
DA:62,2
DA:63,0
DA:65,4
DA:67,4
DA:68,0
DA:69,0
LF:27
LH:21
BRDA:37,0,0,0
BRDA:37,0,1,4
BRDA:65,1,0,4
BRDA:65,1,1,0
BRDA:67,2,0,0
BRDA:67,2,1,4
BRF:6
BRH:3
end_of_record
TN:
SF:config\database.js
FNF:0
FNH:0
DA:3,4
LF:1
LH:1
BRF:0
BRH:0
end_of_record
TN:
SF:controllers\authController.js
FN:6,(anonymous_0)
FN:60,(anonymous_1)
FNF:2
FNH:2
FNDA:3,(anonymous_0)
FNDA:2,(anonymous_1)
DA:6,4
DA:7,3
DA:8,3
DA:10,3
DA:11,3
DA:12,1
DA:18,2
DA:21,2
DA:28,2
DA:39,2
DA:50,0
DA:51,0
DA:53,0
DA:60,4
DA:61,2
DA:62,2
DA:65,2
DA:70,2
DA:71,0
DA:77,2
DA:83,2
DA:84,0
DA:90,2
DA:101,2
DA:112,0
LF:25
LH:19
BRDA:11,0,0,1
BRDA:11,0,1,2
BRDA:70,1,0,0
BRDA:70,1,1,2
BRDA:83,2,0,0
BRDA:83,2,1,2
BRF:6
BRH:4
end_of_record
TN:
SF:controllers\certificatesController.js
FN:4,(anonymous_0)
FN:22,(anonymous_1)
FN:52,(anonymous_2)
FNF:3
FNH:0
FNDA:0,(anonymous_0)
FNDA:0,(anonymous_1)
FNDA:0,(anonymous_2)
DA:4,4
DA:5,0
DA:6,0
DA:13,0
DA:15,0
DA:22,4
DA:24,0
DA:26,0
DA:27,0
DA:33,0
DA:38,0
DA:45,0
DA:52,4
DA:53,0
DA:54,0
DA:56,0
DA:57,0
DA:62,0
DA:63,0
DA:68,0
DA:72,0
DA:75,0
DA:77,0
DA:81,0
LF:24
LH:3
BRDA:26,0,0,0
BRDA:26,0,1,0
BRDA:56,1,0,0
BRDA:56,1,1,0
BRDA:62,2,0,0
BRDA:62,2,1,0
BRDA:68,3,0,0
BRDA:68,3,1,0
BRDA:69,4,0,0
BRDA:69,4,1,0
BRF:10
BRH:0
end_of_record
TN:
SF:controllers\profileController.js
FN:10,(anonymous_0)
FN:49,(anonymous_1)
FNF:2
FNH:0
FNDA:0,(anonymous_0)
FNDA:0,(anonymous_1)
DA:10,4
DA:12,0
DA:14,0
DA:28,0
DA:29,0
DA:34,0
DA:38,0
DA:49,4
DA:51,0
DA:53,0
DA:59,0
DA:61,0
DA:62,0
DA:71,0
DA:75,0
DA:79,0
DA:88,0
DA:89,0
DA:91,0
DA:97,0
DA:107,0
DA:109,0
DA:116,0
DA:123,0
DA:126,0
DA:128,0
DA:130,0
DA:131,0
DA:136,0
DA:140,0
DA:146,0
DA:149,0
DA:157,0
DA:162,0
DA:164,0
DA:166,0
DA:174,0
DA:180,0
LF:38
LH:2
BRDA:28,0,0,0
BRDA:28,0,1,0
BRDA:61,1,0,0
BRDA:61,1,1,0
BRDA:75,2,0,0
BRDA:75,2,1,0
BRDA:76,3,0,0
BRDA:76,3,1,0
BRDA:107,4,0,0
BRDA:107,4,1,0
BRDA:123,5,0,0
BRDA:123,5,1,0
BRDA:126,6,0,0
BRDA:126,6,1,0
BRDA:130,7,0,0
BRDA:130,7,1,0
BRDA:146,8,0,0
BRDA:146,8,1,0
BRDA:157,9,0,0
BRDA:157,9,1,0
BRDA:164,10,0,0
BRDA:164,10,1,0
BRF:22
BRH:0
end_of_record
TN:
SF:controllers\projectController.js
FN:14,(anonymous_0)
FN:60,(anonymous_1)
FN:84,(anonymous_2)
FN:108,(anonymous_3)
FN:142,(anonymous_4)
FN:172,(anonymous_5)
FN:201,(anonymous_6)
FN:263,(anonymous_7)
FN:273,(anonymous_8)
FN:278,(anonymous_9)
FN:296,(anonymous_10)
FN:416,(anonymous_11)
FN:488,(anonymous_12)
FN:522,(anonymous_13)
FN:601,(anonymous_14)
FNF:15
FNH:0
FNDA:0,(anonymous_0)
FNDA:0,(anonymous_1)
FNDA:0,(anonymous_2)
FNDA:0,(anonymous_3)
FNDA:0,(anonymous_4)
FNDA:0,(anonymous_5)
FNDA:0,(anonymous_6)
FNDA:0,(anonymous_7)
FNDA:0,(anonymous_8)
FNDA:0,(anonymous_9)
FNDA:0,(anonymous_10)
FNDA:0,(anonymous_11)
FNDA:0,(anonymous_12)
FNDA:0,(anonymous_13)
FNDA:0,(anonymous_14)
DA:14,4
DA:20,0
DA:22,0
DA:29,0
DA:31,0
DA:32,0
DA:39,0
DA:54,0
DA:60,0
DA:65,0
DA:66,0
DA:78,0
DA:81,0
DA:84,0
DA:89,0
DA:101,0
DA:104,0
DA:107,0
DA:108,0
DA:116,0
DA:124,0
DA:126,0
DA:133,0
DA:135,0
DA:142,4
DA:146,0
DA:149,0
DA:172,0
DA:188,0
DA:194,0
DA:201,4
DA:206,0
DA:209,0
DA:243,0
DA:245,0
DA:252,0
DA:264,0
DA:273,0
DA:278,0
DA:289,0
DA:296,4
DA:302,0
DA:304,0
DA:307,0
DA:314,0
DA:316,0
DA:318,0
DA:329,0
DA:339,0
DA:342,0
DA:348,0
DA:352,0
DA:361,0
DA:372,0
DA:383,0
DA:394,0
DA:398,0
DA:400,0
DA:407,0
DA:409,0
DA:416,4
DA:422,0
DA:424,0
DA:427,0
DA:436,0
DA:438,0
DA:440,0
DA:453,0
DA:459,0
DA:473,0
DA:480,0
DA:483,0
DA:485,0
DA:488,0
DA:507,0
DA:514,0
DA:517,0
DA:519,0
DA:522,0
DA:543,0
DA:548,0
DA:556,0
DA:559,0
DA:564,0
DA:568,0
DA:571,0
DA:577,0
DA:581,0
DA:585,0
DA:593,0
DA:598,0
DA:601,0
DA:620,0
DA:622,0
DA:629,0
DA:631,0
LF:96
LH:5
BRDA:31,0,0,0
BRDA:31,0,1,0
BRDA:54,1,0,0
BRDA:54,1,1,0
BRDA:55,2,0,0
BRDA:55,2,1,0
BRDA:78,3,0,0
BRDA:78,3,1,0
BRDA:101,4,0,0
BRDA:101,4,1,0
BRDA:179,5,0,0
BRDA:179,5,1,0
BRDA:243,6,0,0
BRDA:243,6,1,0
BRDA:314,7,0,0
BRDA:314,7,1,0
BRDA:348,8,0,0
BRDA:348,8,1,0
BRDA:436,9,0,0
BRDA:436,9,1,0
BRDA:480,10,0,0
BRDA:480,10,1,0
BRDA:514,11,0,0
BRDA:514,11,1,0
BRDA:543,12,0,0
BRDA:543,12,1,0
BRDA:568,13,0,0
BRDA:568,13,1,0
BRDA:577,14,0,0
BRDA:577,14,1,0
BRDA:593,15,0,0
BRDA:593,15,1,0
BRDA:594,16,0,0
BRDA:594,16,1,0
BRF:34
BRH:0
end_of_record
TN:
SF:controllers\skillsController.js
FN:10,(anonymous_0)
FN:37,(anonymous_1)
FN:89,(anonymous_2)
FN:155,(anonymous_3)
FNF:4
FNH:1
FNDA:1,(anonymous_0)
FNDA:0,(anonymous_1)
FNDA:0,(anonymous_2)
FNDA:0,(anonymous_3)
DA:10,4
DA:12,1
DA:14,1
DA:21,1
DA:25,0
DA:37,4
DA:39,0
DA:41,0
DA:43,0
DA:44,0
DA:49,0
DA:50,0
DA:55,0
DA:67,0
DA:77,0
DA:89,4
DA:91,0
DA:93,0
DA:97,0
DA:98,0
DA:103,0
DA:104,0
DA:109,0
DA:111,0
DA:114,0
DA:121,0
DA:123,0
DA:127,0
DA:130,0
DA:134,0
DA:136,0
DA:143,0
DA:155,4
DA:157,0
DA:159,0
DA:163,0
DA:164,0
DA:169,0
DA:170,0
DA:175,0
DA:179,0
DA:182,0
DA:184,0
DA:190,0
LF:44
LH:7
BRDA:43,0,0,0
BRDA:43,0,1,0
BRDA:43,1,0,0
BRDA:43,1,1,0
BRDA:49,2,0,0
BRDA:49,2,1,0
BRDA:97,3,0,0
BRDA:97,3,1,0
BRDA:103,4,0,0
BRDA:103,4,1,0
BRDA:112,5,0,0
BRDA:112,5,1,0
BRDA:115,6,0,0
BRDA:115,6,1,0
BRDA:121,7,0,0
BRDA:121,7,1,0
BRDA:123,8,0,0
BRDA:123,8,1,0
BRDA:124,9,0,0
BRDA:124,9,1,0
BRDA:163,10,0,0
BRDA:163,10,1,0
BRDA:169,11,0,0
BRDA:169,11,1,0
BRDA:175,12,0,0
BRDA:175,12,1,0
BRDA:176,13,0,0
BRDA:176,13,1,0
BRF:28
BRH:0
end_of_record
TN:
SF:controllers\usersController.js
FN:5,(anonymous_0)
FN:20,(anonymous_1)
FN:41,(anonymous_2)
FNF:3
FNH:0
FNDA:0,(anonymous_0)
FNDA:0,(anonymous_1)
FNDA:0,(anonymous_2)
DA:5,4
DA:6,0
DA:7,0
DA:9,0
DA:12,0
DA:20,4
DA:21,0
DA:23,0
DA:25,0
DA:29,0
DA:34,0
DA:41,4
DA:42,0
DA:44,0
DA:46,0
DA:48,0
DA:58,0
DA:63,0
LF:18
LH:3
BRF:0
BRH:0
end_of_record
TN:
SF:middleware\authMiddleware.js
FN:3,(anonymous_0)
FNF:1
FNH:1
FNDA:1,(anonymous_0)
DA:3,4
DA:4,1
DA:7,1
DA:8,0
DA:14,1
DA:16,1
DA:18,1
DA:21,1
DA:23,1
DA:26,0
LF:10
LH:8
BRDA:7,0,0,0
BRDA:7,0,1,1
BRF:2
BRH:1
end_of_record
TN:
SF:middleware\uploadCertificates.js
FN:5,(anonymous_0)
FN:9,(anonymous_1)
FNF:2
FNH:0
FNDA:0,(anonymous_0)
FNDA:0,(anonymous_1)
DA:3,4
DA:6,0
DA:12,0
DA:14,0
DA:18,4
LF:5
LH:2
BRF:0
BRH:0
end_of_record
TN:
SF:middleware\uploadProfile.js
FN:5,(anonymous_0)
FN:9,(anonymous_1)
FNF:2
FNH:0
FNDA:0,(anonymous_0)
FNDA:0,(anonymous_1)
DA:3,4
DA:6,0
DA:12,0
DA:14,0
DA:18,4
LF:5
LH:2
BRF:0
BRH:0
end_of_record
TN:
SF:middleware\uploadProjects.js
FN:15,(anonymous_0)
FN:19,(anonymous_1)
FNF:2
FNH:0
FNDA:0,(anonymous_0)
FNDA:0,(anonymous_1)
DA:5,4
DA:7,4
DA:8,0
DA:13,4
DA:16,0
DA:22,0
DA:25,0
DA:29,0
DA:36,4
LF:9
LH:4
BRDA:7,0,0,0
BRDA:7,0,1,4
BRF:2
BRH:1
end_of_record
TN:
SF:middleware\uploadSkills.js
FN:7,(anonymous_0)
FN:25,(anonymous_1)
FNF:2
FNH:0
FNDA:0,(anonymous_0)
FNDA:0,(anonymous_1)
DA:5,4
DA:9,0
DA:15,0
DA:17,0
DA:22,0
DA:28,0
DA:32,0
DA:36,4
LF:8
LH:2
BRDA:15,0,0,0
BRDA:15,0,1,0
BRF:2
BRH:0
end_of_record
TN:
SF:models\Project.js
FNF:0
FNH:0
DA:4,4
LF:1
LH:1
BRF:0
BRH:0
end_of_record
TN:
SF:models\ProjectImage.js
FNF:0
FNH:0
DA:4,4
LF:1
LH:1
BRF:0
BRH:0
end_of_record
TN:
SF:models\ProjectLink.js
FNF:0
FNH:0
DA:4,4
LF:1
LH:1
BRF:0
BRH:0
end_of_record
TN:
SF:models\ProjectSkill.js
FNF:0
FNH:0
DA:4,4
LF:1
LH:1
BRF:0
BRH:0
end_of_record
TN:
SF:models\Skills.js
FNF:0
FNH:0
DA:4,4
LF:1
LH:1
BRF:0
BRH:0
end_of_record
TN:
SF:models\SocialLink.js
FNF:0
FNH:0
DA:4,4
LF:1
LH:1
BRF:0
BRH:0
end_of_record
TN:
SF:models\User.js
FNF:0
FNH:0
DA:5,4
LF:1
LH:1
BRF:0
BRH:0
end_of_record
TN:
SF:models\certificates.js
FNF:0
FNH:0
DA:4,4
LF:1
LH:1
BRF:0
BRH:0
end_of_record
TN:
SF:models\index.js
FNF:0
FNH:0
DA:13,4
DA:18,4
DA:22,4
DA:27,4
DA:31,4
DA:35,4
DA:39,4
DA:43,4
DA:47,4
DA:51,4
DA:55,4
DA:61,4
DA:65,4
DA:70,4
DA:74,4
DA:79,4
LF:16
LH:16
BRF:0
BRH:0
end_of_record
TN:
SF:models\profile.js
FNF:0
FNH:0
DA:4,4
LF:1
LH:1
BRF:0
BRH:0
end_of_record
TN:
SF:routes\authRoutes.js
FNF:0
FNH:0
DA:9,4
DA:11,4
DA:26,4
LF:3
LH:3
BRF:0
BRH:0
end_of_record
TN:
SF:routes\certificatesRoutes.js
FNF:0
FNH:0
DA:13,4
DA:17,4
DA:20,4
DA:23,4
LF:4
LH:4
BRF:0
BRH:0
end_of_record
TN:
SF:routes\profileRoutes.js
FNF:0
FNH:0
DA:12,4
DA:16,4
DA:24,4
LF:3
LH:3
BRF:0
BRH:0
end_of_record
TN:
SF:routes\projectRoutes.js
FNF:0
FNH:0
DA:15,4
DA:17,4
DA:23,4
DA:29,4
DA:39,4
DA:45,4
LF:6
LH:6
BRF:0
BRH:0
end_of_record
TN:
SF:routes\skillsRoutes.js
FNF:0
FNH:0
DA:19,4
DA:23,4
DA:31,4
DA:40,4
DA:49,4
LF:5
LH:5
BRF:0
BRH:0
end_of_record
TN:
SF:routes\userRoutes.js
FNF:0
FNH:0
DA:11,4
DA:21,4
DA:24,4
DA:27,4
LF:4
LH:4
BRF:0
BRH:0
end_of_record
